0 info it worked if it ends with ok
1 verbose cli [ 'E:\\Program Files (x86)\\nodejs\\\\node.exe',
1 verbose cli   'E:\\Program Files (x86)\\nodejs\\node_modules\\npm\\bin\\npm-cli.js',
1 verbose cli   'install',
1 verbose cli   'time' ]
2 info using npm@1.3.21
3 info using node@v0.10.24
4 verbose node symlink E:\Program Files (x86)\nodejs\\node.exe
5 warn package.json mongo@0.1.0 No repository field.
6 warn package.json node@0.0.0 No repository field.
7 verbose cache add [ 'time', null ]
8 verbose cache add name=undefined spec="time" args=["time",null]
9 verbose parsed url { protocol: null,
9 verbose parsed url   slashes: null,
9 verbose parsed url   auth: null,
9 verbose parsed url   host: null,
9 verbose parsed url   port: null,
9 verbose parsed url   hostname: null,
9 verbose parsed url   hash: null,
9 verbose parsed url   search: null,
9 verbose parsed url   query: null,
9 verbose parsed url   pathname: 'time',
9 verbose parsed url   path: 'time',
9 verbose parsed url   href: 'time' }
10 silly lockFile 714eea0f-time time
11 verbose lock time C:\Users\Senthilnathank\AppData\Roaming\npm-cache\714eea0f-time.lock
12 silly lockFile 714eea0f-time time
13 silly lockFile 714eea0f-time time
14 verbose addNamed [ 'time', '' ]
15 verbose addNamed [ null, '*' ]
16 silly lockFile 627c61e5-time time@
17 verbose lock time@ C:\Users\Senthilnathank\AppData\Roaming\npm-cache\627c61e5-time.lock
18 silly addNameRange { name: 'time', range: '*', hasData: false }
19 verbose url raw time
20 verbose url resolving [ 'https://registry.npmjs.org/', './time' ]
21 verbose url resolved https://registry.npmjs.org/time
22 info trying registry request attempt 1 at 12:40:26
23 http GET https://registry.npmjs.org/time
24 http 200 https://registry.npmjs.org/time
25 silly registry.get cb [ 200,
25 silly registry.get   { date: 'Thu, 16 Jan 2014 07:10:29 GMT',
25 silly registry.get     server: 'CouchDB/1.5.0 (Erlang OTP/R15B03)',
25 silly registry.get     etag: '"2LWY1PJIB70ZW8H1TVU36FHZ4"',
25 silly registry.get     'content-type': 'application/json',
25 silly registry.get     'content-length': '91070',
25 silly registry.get     'accept-ranges': 'bytes',
25 silly registry.get     via: '1.1 varnish',
25 silly registry.get     age: '0',
25 silly registry.get     'x-served-by': 'cache-sv61-SJC3',
25 silly registry.get     'x-cache': 'MISS',
25 silly registry.get     'x-cache-hits': '0',
25 silly registry.get     'x-timer': 'S1389856229.365087509,VS0,VE182',
25 silly registry.get     vary: 'Accept',
25 silly registry.get     'keep-alive': 'timeout=10, max=50',
25 silly registry.get     connection: 'Keep-Alive' } ]
26 silly addNameRange number 2 { name: 'time', range: '*', hasData: true }
27 silly addNameRange versions [ 'time',
27 silly addNameRange   [ '0.0.1',
27 silly addNameRange     '0.0.2',
27 silly addNameRange     '0.0.3',
27 silly addNameRange     '0.1.0',
27 silly addNameRange     '0.1.1',
27 silly addNameRange     '0.1.2',
27 silly addNameRange     '0.1.3',
27 silly addNameRange     '0.1.4',
27 silly addNameRange     '0.2.0',
27 silly addNameRange     '0.2.1',
27 silly addNameRange     '0.2.2',
27 silly addNameRange     '0.2.3',
27 silly addNameRange     '0.3.0',
27 silly addNameRange     '0.3.1',
27 silly addNameRange     '0.3.2',
27 silly addNameRange     '0.4.0',
27 silly addNameRange     '0.5.0',
27 silly addNameRange     '0.6.0',
27 silly addNameRange     '0.6.2',
27 silly addNameRange     '0.6.3',
27 silly addNameRange     '0.6.4',
27 silly addNameRange     '0.6.5',
27 silly addNameRange     '0.7.0',
27 silly addNameRange     '0.8.0',
27 silly addNameRange     '0.8.1',
27 silly addNameRange     '0.8.2',
27 silly addNameRange     '0.8.3',
27 silly addNameRange     '0.8.4',
27 silly addNameRange     '0.9.0',
27 silly addNameRange     '0.9.1',
27 silly addNameRange     '0.9.2',
27 silly addNameRange     '0.10.0' ] ]
28 verbose addNamed [ 'time', '0.10.0' ]
29 verbose addNamed [ '0.10.0', '0.10.0' ]
30 silly lockFile 9c669ee2-time-0-10-0 time@0.10.0
31 verbose lock time@0.10.0 C:\Users\Senthilnathank\AppData\Roaming\npm-cache\9c669ee2-time-0-10-0.lock
32 silly lockFile f915a863-y-npmjs-org-time-time-0-10-0-tgz https://registry.npmjs.org/time/-/time-0.10.0.tgz
33 verbose lock https://registry.npmjs.org/time/-/time-0.10.0.tgz C:\Users\Senthilnathank\AppData\Roaming\npm-cache\f915a863-y-npmjs-org-time-time-0-10-0-tgz.lock
34 verbose addRemoteTarball [ 'https://registry.npmjs.org/time/-/time-0.10.0.tgz',
34 verbose addRemoteTarball   '1de3567f852bf4085152b9e82133f756f4fb2053' ]
35 info retry fetch attempt 1 at 12:40:32
36 verbose fetch to= C:\Users\SENTHI~1\AppData\Local\Temp\npm-8388-xm_Bmpt6\1389856232462-0.04719402501359582\tmp.tgz
37 http GET https://registry.npmjs.org/time/-/time-0.10.0.tgz
38 http 200 https://registry.npmjs.org/time/-/time-0.10.0.tgz
39 verbose tar unpack C:\Users\SENTHI~1\AppData\Local\Temp\npm-8388-xm_Bmpt6\1389856232462-0.04719402501359582\tmp.tgz
40 silly lockFile 9237c912-2462-0-04719402501359582-package tar://C:\Users\SENTHI~1\AppData\Local\Temp\npm-8388-xm_Bmpt6\1389856232462-0.04719402501359582\package
41 verbose lock tar://C:\Users\SENTHI~1\AppData\Local\Temp\npm-8388-xm_Bmpt6\1389856232462-0.04719402501359582\package C:\Users\Senthilnathank\AppData\Roaming\npm-cache\9237c912-2462-0-04719402501359582-package.lock
42 silly lockFile 699b1fa2-2462-0-04719402501359582-tmp-tgz tar://C:\Users\SENTHI~1\AppData\Local\Temp\npm-8388-xm_Bmpt6\1389856232462-0.04719402501359582\tmp.tgz
43 verbose lock tar://C:\Users\SENTHI~1\AppData\Local\Temp\npm-8388-xm_Bmpt6\1389856232462-0.04719402501359582\tmp.tgz C:\Users\Senthilnathank\AppData\Roaming\npm-cache\699b1fa2-2462-0-04719402501359582-tmp-tgz.lock
44 silly gunzTarPerm modes [ '755', '644' ]
45 silly gunzTarPerm extractEntry package.json
46 silly gunzTarPerm extractEntry .npmignore
47 silly gunzTarPerm extractEntry README.md
48 silly gunzTarPerm extractEntry LICENSE
49 silly gunzTarPerm extractEntry index.js
50 silly gunzTarPerm extractEntry binding.gyp
51 silly gunzTarPerm extractEntry .jshintrc
52 silly gunzTarPerm extractEntry Makefile
53 silly gunzTarPerm extractEntry .travis.yml
54 silly gunzTarPerm extractEntry src/time.cc
55 silly gunzTarPerm extractEntry test/date.js
56 silly gunzTarPerm extractEntry test/exports.js
57 silly gunzTarPerm extractEntry test/tzset.js
58 silly gunzTarPerm extractEntry wscript
59 silly lockFile 9237c912-2462-0-04719402501359582-package tar://C:\Users\SENTHI~1\AppData\Local\Temp\npm-8388-xm_Bmpt6\1389856232462-0.04719402501359582\package
60 silly lockFile 9237c912-2462-0-04719402501359582-package tar://C:\Users\SENTHI~1\AppData\Local\Temp\npm-8388-xm_Bmpt6\1389856232462-0.04719402501359582\package
61 silly lockFile 699b1fa2-2462-0-04719402501359582-tmp-tgz tar://C:\Users\SENTHI~1\AppData\Local\Temp\npm-8388-xm_Bmpt6\1389856232462-0.04719402501359582\tmp.tgz
62 silly lockFile 699b1fa2-2462-0-04719402501359582-tmp-tgz tar://C:\Users\SENTHI~1\AppData\Local\Temp\npm-8388-xm_Bmpt6\1389856232462-0.04719402501359582\tmp.tgz
63 verbose tar pack [ 'C:\\Users\\Senthilnathank\\AppData\\Roaming\\npm-cache\\time\\0.10.0\\package.tgz',
63 verbose tar pack   'C:\\Users\\SENTHI~1\\AppData\\Local\\Temp\\npm-8388-xm_Bmpt6\\1389856232462-0.04719402501359582\\package' ]
64 verbose tarball C:\Users\Senthilnathank\AppData\Roaming\npm-cache\time\0.10.0\package.tgz
65 verbose folder C:\Users\SENTHI~1\AppData\Local\Temp\npm-8388-xm_Bmpt6\1389856232462-0.04719402501359582\package
66 silly lockFile 9237c912-2462-0-04719402501359582-package tar://C:\Users\SENTHI~1\AppData\Local\Temp\npm-8388-xm_Bmpt6\1389856232462-0.04719402501359582\package
67 verbose lock tar://C:\Users\SENTHI~1\AppData\Local\Temp\npm-8388-xm_Bmpt6\1389856232462-0.04719402501359582\package C:\Users\Senthilnathank\AppData\Roaming\npm-cache\9237c912-2462-0-04719402501359582-package.lock
68 silly lockFile dee2b862-pm-cache-time-0-10-0-package-tgz tar://C:\Users\Senthilnathank\AppData\Roaming\npm-cache\time\0.10.0\package.tgz
69 verbose lock tar://C:\Users\Senthilnathank\AppData\Roaming\npm-cache\time\0.10.0\package.tgz C:\Users\Senthilnathank\AppData\Roaming\npm-cache\dee2b862-pm-cache-time-0-10-0-package-tgz.lock
70 silly lockFile 9237c912-2462-0-04719402501359582-package tar://C:\Users\SENTHI~1\AppData\Local\Temp\npm-8388-xm_Bmpt6\1389856232462-0.04719402501359582\package
71 silly lockFile 9237c912-2462-0-04719402501359582-package tar://C:\Users\SENTHI~1\AppData\Local\Temp\npm-8388-xm_Bmpt6\1389856232462-0.04719402501359582\package
72 silly lockFile dee2b862-pm-cache-time-0-10-0-package-tgz tar://C:\Users\Senthilnathank\AppData\Roaming\npm-cache\time\0.10.0\package.tgz
73 silly lockFile dee2b862-pm-cache-time-0-10-0-package-tgz tar://C:\Users\Senthilnathank\AppData\Roaming\npm-cache\time\0.10.0\package.tgz
74 silly lockFile bbe530ae-ng-npm-cache-time-0-10-0-package C:\Users\Senthilnathank\AppData\Roaming\npm-cache\time\0.10.0\package
75 verbose lock C:\Users\Senthilnathank\AppData\Roaming\npm-cache\time\0.10.0\package C:\Users\Senthilnathank\AppData\Roaming\npm-cache\bbe530ae-ng-npm-cache-time-0-10-0-package.lock
76 silly lockFile bbe530ae-ng-npm-cache-time-0-10-0-package C:\Users\Senthilnathank\AppData\Roaming\npm-cache\time\0.10.0\package
77 silly lockFile bbe530ae-ng-npm-cache-time-0-10-0-package C:\Users\Senthilnathank\AppData\Roaming\npm-cache\time\0.10.0\package
78 verbose tar unpack C:\Users\Senthilnathank\AppData\Roaming\npm-cache\time\0.10.0\package.tgz
79 silly lockFile e05bbc93-ng-npm-cache-time-0-10-0-package tar://C:\Users\Senthilnathank\AppData\Roaming\npm-cache\time\0.10.0\package
80 verbose lock tar://C:\Users\Senthilnathank\AppData\Roaming\npm-cache\time\0.10.0\package C:\Users\Senthilnathank\AppData\Roaming\npm-cache\e05bbc93-ng-npm-cache-time-0-10-0-package.lock
81 silly lockFile dee2b862-pm-cache-time-0-10-0-package-tgz tar://C:\Users\Senthilnathank\AppData\Roaming\npm-cache\time\0.10.0\package.tgz
82 verbose lock tar://C:\Users\Senthilnathank\AppData\Roaming\npm-cache\time\0.10.0\package.tgz C:\Users\Senthilnathank\AppData\Roaming\npm-cache\dee2b862-pm-cache-time-0-10-0-package-tgz.lock
83 silly gunzTarPerm modes [ '755', '644' ]
84 silly gunzTarPerm extractEntry package.json
85 silly gunzTarPerm modified mode [ 'package.json', 438, 420 ]
86 silly gunzTarPerm extractEntry .npmignore
87 silly gunzTarPerm modified mode [ '.npmignore', 438, 420 ]
88 silly gunzTarPerm extractEntry README.md
89 silly gunzTarPerm modified mode [ 'README.md', 438, 420 ]
90 silly gunzTarPerm extractEntry LICENSE
91 silly gunzTarPerm modified mode [ 'LICENSE', 438, 420 ]
92 silly gunzTarPerm extractEntry index.js
93 silly gunzTarPerm modified mode [ 'index.js', 438, 420 ]
94 silly gunzTarPerm extractEntry Makefile
95 silly gunzTarPerm modified mode [ 'Makefile', 438, 420 ]
96 silly gunzTarPerm extractEntry binding.gyp
97 silly gunzTarPerm modified mode [ 'binding.gyp', 438, 420 ]
98 silly gunzTarPerm extractEntry .jshintrc
99 silly gunzTarPerm modified mode [ '.jshintrc', 438, 420 ]
100 silly gunzTarPerm extractEntry .travis.yml
101 silly gunzTarPerm modified mode [ '.travis.yml', 438, 420 ]
102 silly gunzTarPerm extractEntry src/time.cc
103 silly gunzTarPerm modified mode [ 'src/time.cc', 438, 420 ]
104 silly gunzTarPerm extractEntry test/date.js
105 silly gunzTarPerm modified mode [ 'test/date.js', 438, 420 ]
106 silly gunzTarPerm extractEntry test/exports.js
107 silly gunzTarPerm modified mode [ 'test/exports.js', 438, 420 ]
108 silly gunzTarPerm extractEntry test/tzset.js
109 silly gunzTarPerm modified mode [ 'test/tzset.js', 438, 420 ]
110 silly gunzTarPerm extractEntry wscript
111 silly gunzTarPerm modified mode [ 'wscript', 438, 420 ]
112 silly lockFile e05bbc93-ng-npm-cache-time-0-10-0-package tar://C:\Users\Senthilnathank\AppData\Roaming\npm-cache\time\0.10.0\package
113 silly lockFile e05bbc93-ng-npm-cache-time-0-10-0-package tar://C:\Users\Senthilnathank\AppData\Roaming\npm-cache\time\0.10.0\package
114 silly lockFile dee2b862-pm-cache-time-0-10-0-package-tgz tar://C:\Users\Senthilnathank\AppData\Roaming\npm-cache\time\0.10.0\package.tgz
115 silly lockFile dee2b862-pm-cache-time-0-10-0-package-tgz tar://C:\Users\Senthilnathank\AppData\Roaming\npm-cache\time\0.10.0\package.tgz
116 verbose chmod C:\Users\Senthilnathank\AppData\Roaming\npm-cache\time\0.10.0\package.tgz 644
117 silly chown skipping for windows C:\Users\Senthilnathank\AppData\Roaming\npm-cache\time\0.10.0\package.tgz
118 silly lockFile f915a863-y-npmjs-org-time-time-0-10-0-tgz https://registry.npmjs.org/time/-/time-0.10.0.tgz
119 silly lockFile f915a863-y-npmjs-org-time-time-0-10-0-tgz https://registry.npmjs.org/time/-/time-0.10.0.tgz
120 silly lockFile 9c669ee2-time-0-10-0 time@0.10.0
121 silly lockFile 9c669ee2-time-0-10-0 time@0.10.0
122 silly lockFile 627c61e5-time time@
123 silly lockFile 627c61e5-time time@
124 silly resolved [ { name: 'time',
124 silly resolved     description: '"time.h" bindings for NodeJS',
124 silly resolved     keywords:
124 silly resolved      [ 'date',
124 silly resolved        'time',
124 silly resolved        'time.h',
124 silly resolved        'timezone',
124 silly resolved        'setTimezone',
124 silly resolved        'getTimezone' ],
124 silly resolved     version: '0.10.0',
124 silly resolved     repository:
124 silly resolved      { type: 'git',
124 silly resolved        url: 'git://github.com/TooTallNate/node-time.git' },
124 silly resolved     author:
124 silly resolved      { name: 'Nathan Rajlich',
124 silly resolved        email: 'nathan@tootallnate.net',
124 silly resolved        url: 'http://tootallnate.net' },
124 silly resolved     contributors: [ [Object] ],
124 silly resolved     main: './index.js',
124 silly resolved     scripts: { test: 'mocha --reporter spec', install: 'node-gyp rebuild' },
124 silly resolved     engines: { node: '*' },
124 silly resolved     dependencies: { bindings: '*', debug: '*', nan: '~0.4.4' },
124 silly resolved     devDependencies: { mocha: '*', should: '~0.6.3' },
124 silly resolved     gypfile: true,
124 silly resolved     readme: 'node-time\n=========\n### "[time.h][]" bindings for [NodeJS][Node].\n[![Build Status](https://secure.travis-ci.org/TooTallNate/node-time.png?branch=master)](http://travis-ci.org/TooTallNate/node-time)\n\n\nThis module offers simple bindings for the C [time.h][] APIs.\nIt also offers an extended native `Date` object with `getTimezone()`\nand `setTimezone()` functions, which aren\'t normally part of JavaScript.\n\n\nInstallation\n------------\n\n`node-time` is available through npm:\n\n``` bash\n$ npm install time\n```\n\n\nExample\n-------\n\n``` javascript\nvar time = require(\'time\');\n\n// Create a new Date instance, representing the current instant in time\nvar now = new time.Date();\n\nnow.setTimezone("America/Los_Angeles");\n// `.getDate()`, `.getDay()`, `.getHours()`, etc.\n// will return values according to UTC-8\n\nnow.setTimezone("America/New_York");\n// `.getDate()`, `.getDay()`, `.getHours()`, etc.\n// will return values according to UTC-5\n\n\n// You can also set the timezone during instantiation\nvar azDate = new time.Date(2010, 0, 1, \'America/Phoenix\');\nazDate.getTimezone(); // \'America/Phoenix\'\n```\n\n### Extending the global `Date` object\n\n`node-time` provides a convenient `time.Date` object, which is its own Date\nconstructor independent from your own (or the global) Date object. There are often\ntimes, however, when you would like the benefits of node-time on *all* Date\ninstances. To extend the global Date object, simply pass it in as an argument to\nthe node-time module when requiring:\n\n``` js\nvar time = require(\'time\')(Date);\n\nvar d = new Date();\nd.setTimezone(\'UTC\');\n```\n\n\nAPI\n---\n\n\n### Date() -> Date\n#### new time.Date()\n#### new time.Date(millisecondsFromUTC)\n#### new time.Date(dateString [, timezone ])\n#### new time.Date(year, month, day [, hour, minute, second, millisecond ] [, timezone ])\n\nA special `Date` constructor that returns a "super" Date instance, that has\nmagic _timezone_ capabilities! You can also pass a `timezone` as the last\nargument in order to have a Date instance in the specified timezone.\n\n``` javascript\nvar now = new time.Date();\nvar another = new time.Date(\'Aug 9, 1995\', \'UTC\');\nvar more = new time.Date(1970, 0, 1, \'Europe/Amsterdam\');\n```\n\n\n#### date.setTimezone(timezone [, relative ]) -> Undefined\n\nSets the timezone for the `Date` instance. By default this function makes it so\nthat calls to `getHours()`, `getDays()`, `getMinutes()`, etc. will be relative to\nthe timezone specified. If you pass `true` in as the second argument, then\ninstead of adjusting the local "get" functions to match the specified timezone,\ninstead the internal state of the Date instance is changed, such that the local\n"get" functions retain their values from before the setTimezone call.\n\n``` javascript\ndate.setTimezone("America/Argentina/San_Juan")\n\n// Default behavior:\na = new time.Date()\na.toString()\n// \'Wed Aug 31 2011 09:45:31 GMT-0700 (PDT)\'\na.setTimezone(\'UTC\')\na.toString()\n// \'Wed Aug 31 2011 16:45:31 GMT+0000 (UTC)\'\n\n// Relative behavior:\nb = new time.Date()\nb.toString()\n// \'Wed Aug 31 2011 10:48:03 GMT-0700 (PDT)\'\nb.setTimezone(\'UTC\', true)\nb.toString()\n// \'Wed Aug 31 2011 10:48:03 GMT+0000 (UTC)\'\n```\n\n\n#### date.getTimezone() -> String\n\nReturns a String containing the currently configured timezone for the date instance.\nThis must be called _after_ `setTimezone()` has been called.\n\n``` javascript\ndate.getTimezone();\n  // "America/Argentina/San_Juan"\n```\n\n\n#### date.getTimezoneAbbr() -> String\n\nReturns the abbreviated timezone name, also taking daylight savings into consideration.\nUseful for the presentation layer of a Date instance.\n\n``` javascript\ndate.getTimezoneAbbr();\n  // "ART"\n```\n\n\n### Date.parse(dateStr [, timezone ]) -> Number\n\nSame as the native JavaScript `Date.parse()` function, only this version allows\nfor a second, optional, `timezone` argument, which specifies the timezone in\nwhich the date string parsing will be resolved against. This function is also\naliased as `time.parse()`.\n\n``` javascript\ntime.Date.parse("1970, January 1");  // <- Local Time\n  // 28800000\ntime.Date.parse("1970, January 1", "Europe/Copenhagen");\n  // -3600000\ntime.Date.parse("1970, January 1", "UTC");\n  // 0\n```\n\n\n### extend(date) -> Date\n\nTransforms a "regular" Date instance into one of `node-time`\'s "extended" Date instances.\n\n``` javascript\nvar d = new Date();\n// `d.setTimezone()` does not exist...\ntime.extend(d);\nd.setTimezone("UTC");\n```\n\n\n### time() -> Number\n\nBinding for `time()`. Returns the number of seconds since Jan 1, 1900 UTC.\nThese two are equivalent:\n\n``` javascript\ntime.time();\n  // 1299827226\nMath.floor(Date.now() / 1000);\n  // 1299827226\n```\n\n\n### tzset(timezone) -> Object\n\nBinding for `tzset()`. Sets up the timezone information that `localtime()` will\nuse based on the specified _timezone_ variable, or the current `process.env.TZ`\nvalue if none is specified. Returns an Object containing information about the\nnewly set timezone, or throws an Error if no timezone information could be loaded\nfor the specified timezone.\n\n``` javascript\ntime.tzset(\'US/Pacific\');\n  // { tzname: [ \'PST\', \'PDT\' ],\n  //   timezone: 28800,\n  //   daylight: 1 }\n```\n\n\n### localtime(Number) -> Object\n\nBinding for `localtime()`. Accepts a Number with the number of seconds since the\nEpoch (i.e. the result of `time()`), and returns a "broken-down" Object\nrepresentation of the timestamp, according the the currently configured timezone\n(see `tzset()`).\n\n``` javascript\ntime.localtime(Date.now()/1000);\n  // { seconds: 38,\n  //   minutes: 7,\n  //   hours: 23,\n  //   dayOfMonth: 10,\n  //   month: 2,\n  //   year: 111,\n  //   dayOfWeek: 4,\n  //   dayOfYear: 68,\n  //   isDaylightSavings: false,\n  //   gmtOffset: -28800,\n  //   timezone: \'PST\' }\n```\n\n\n### currentTimezone -> String\n\nThe `currentTimezone` property always contains a String to the current timezone\nbeing used by `node-time`. This property is reset every time the `tzset()`\nfunction is called. Individual `time.Date` instances may have independent\ntimezone settings than what this one is...\n\n\n[Node]: http://nodejs.org\n[time.h]: http://en.wikipedia.org/wiki/Time.h\n',
124 silly resolved     readmeFilename: 'README.md',
124 silly resolved     bugs: { url: 'https://github.com/TooTallNate/node-time/issues' },
124 silly resolved     homepage: 'https://github.com/TooTallNate/node-time',
124 silly resolved     _id: 'time@0.10.0',
124 silly resolved     dist: { shasum: '7599db446020f3e3d73f9356170ce2cd2af66015' },
124 silly resolved     _from: 'time@',
124 silly resolved     _resolved: 'https://registry.npmjs.org/time/-/time-0.10.0.tgz' } ]
125 info install time@0.10.0 into C:\Users\Senthilnathank\Documents\My Web Sites\email2tweet
126 info installOne time@0.10.0
127 info C:\Users\Senthilnathank\Documents\My Web Sites\email2tweet\node_modules\time unbuild
128 info preuninstall time@0.10.0
129 info uninstall time@0.10.0
130 verbose true,C:\Users\Senthilnathank\Documents\My Web Sites\email2tweet\node_modules,C:\Users\Senthilnathank\Documents\My Web Sites\email2tweet\node_modules unbuild time@0.10.0
131 info postuninstall time@0.10.0
132 verbose tar unpack C:\Users\Senthilnathank\AppData\Roaming\npm-cache\time\0.10.0\package.tgz
133 silly lockFile 1db2999f-es-email2tweet-node-modules-time tar://C:\Users\Senthilnathank\Documents\My Web Sites\email2tweet\node_modules\time
134 verbose lock tar://C:\Users\Senthilnathank\Documents\My Web Sites\email2tweet\node_modules\time C:\Users\Senthilnathank\AppData\Roaming\npm-cache\1db2999f-es-email2tweet-node-modules-time.lock
135 silly lockFile dee2b862-pm-cache-time-0-10-0-package-tgz tar://C:\Users\Senthilnathank\AppData\Roaming\npm-cache\time\0.10.0\package.tgz
136 verbose lock tar://C:\Users\Senthilnathank\AppData\Roaming\npm-cache\time\0.10.0\package.tgz C:\Users\Senthilnathank\AppData\Roaming\npm-cache\dee2b862-pm-cache-time-0-10-0-package-tgz.lock
137 silly gunzTarPerm modes [ '755', '644' ]
138 silly gunzTarPerm extractEntry package.json
139 silly gunzTarPerm modified mode [ 'package.json', 438, 420 ]
140 silly gunzTarPerm extractEntry .npmignore
141 silly gunzTarPerm modified mode [ '.npmignore', 438, 420 ]
142 silly gunzTarPerm extractEntry README.md
143 silly gunzTarPerm modified mode [ 'README.md', 438, 420 ]
144 silly gunzTarPerm extractEntry LICENSE
145 silly gunzTarPerm modified mode [ 'LICENSE', 438, 420 ]
146 silly gunzTarPerm extractEntry index.js
147 silly gunzTarPerm modified mode [ 'index.js', 438, 420 ]
148 silly gunzTarPerm extractEntry Makefile
149 silly gunzTarPerm modified mode [ 'Makefile', 438, 420 ]
150 silly gunzTarPerm extractEntry binding.gyp
151 silly gunzTarPerm modified mode [ 'binding.gyp', 438, 420 ]
152 silly gunzTarPerm extractEntry .jshintrc
153 silly gunzTarPerm modified mode [ '.jshintrc', 438, 420 ]
154 silly gunzTarPerm extractEntry .travis.yml
155 silly gunzTarPerm modified mode [ '.travis.yml', 438, 420 ]
156 silly gunzTarPerm extractEntry src/time.cc
157 silly gunzTarPerm modified mode [ 'src/time.cc', 438, 420 ]
158 silly gunzTarPerm extractEntry test/date.js
159 silly gunzTarPerm modified mode [ 'test/date.js', 438, 420 ]
160 silly gunzTarPerm extractEntry test/exports.js
161 silly gunzTarPerm modified mode [ 'test/exports.js', 438, 420 ]
162 silly gunzTarPerm extractEntry test/tzset.js
163 silly gunzTarPerm modified mode [ 'test/tzset.js', 438, 420 ]
164 silly gunzTarPerm extractEntry wscript
165 silly gunzTarPerm modified mode [ 'wscript', 438, 420 ]
166 silly lockFile 1db2999f-es-email2tweet-node-modules-time tar://C:\Users\Senthilnathank\Documents\My Web Sites\email2tweet\node_modules\time
167 silly lockFile 1db2999f-es-email2tweet-node-modules-time tar://C:\Users\Senthilnathank\Documents\My Web Sites\email2tweet\node_modules\time
168 silly lockFile dee2b862-pm-cache-time-0-10-0-package-tgz tar://C:\Users\Senthilnathank\AppData\Roaming\npm-cache\time\0.10.0\package.tgz
169 silly lockFile dee2b862-pm-cache-time-0-10-0-package-tgz tar://C:\Users\Senthilnathank\AppData\Roaming\npm-cache\time\0.10.0\package.tgz
170 info preinstall time@0.10.0
171 verbose readDependencies using package.json deps
172 verbose readDependencies using package.json deps
173 verbose cache add [ 'bindings@*', null ]
174 verbose cache add name=undefined spec="bindings@*" args=["bindings@*",null]
175 verbose parsed url { protocol: null,
175 verbose parsed url   slashes: null,
175 verbose parsed url   auth: null,
175 verbose parsed url   host: null,
175 verbose parsed url   port: null,
175 verbose parsed url   hostname: null,
175 verbose parsed url   hash: null,
175 verbose parsed url   search: null,
175 verbose parsed url   query: null,
175 verbose parsed url   pathname: 'bindings@*',
175 verbose parsed url   path: 'bindings@*',
175 verbose parsed url   href: 'bindings@*' }
176 verbose cache add name="bindings" spec="*" args=["bindings","*"]
177 verbose parsed url { protocol: null,
177 verbose parsed url   slashes: null,
177 verbose parsed url   auth: null,
177 verbose parsed url   host: null,
177 verbose parsed url   port: null,
177 verbose parsed url   hostname: null,
177 verbose parsed url   hash: null,
177 verbose parsed url   search: null,
177 verbose parsed url   query: null,
177 verbose parsed url   pathname: '*',
177 verbose parsed url   path: '*',
177 verbose parsed url   href: '*' }
178 verbose addNamed [ 'bindings', '*' ]
179 verbose addNamed [ null, '*' ]
180 silly lockFile a3858fc2-bindings bindings@*
181 verbose lock bindings@* C:\Users\Senthilnathank\AppData\Roaming\npm-cache\a3858fc2-bindings.lock
182 verbose cache add [ 'debug@*', null ]
183 verbose cache add name=undefined spec="debug@*" args=["debug@*",null]
184 verbose parsed url { protocol: null,
184 verbose parsed url   slashes: null,
184 verbose parsed url   auth: null,
184 verbose parsed url   host: null,
184 verbose parsed url   port: null,
184 verbose parsed url   hostname: null,
184 verbose parsed url   hash: null,
184 verbose parsed url   search: null,
184 verbose parsed url   query: null,
184 verbose parsed url   pathname: 'debug@*',
184 verbose parsed url   path: 'debug@*',
184 verbose parsed url   href: 'debug@*' }
185 verbose cache add name="debug" spec="*" args=["debug","*"]
186 verbose parsed url { protocol: null,
186 verbose parsed url   slashes: null,
186 verbose parsed url   auth: null,
186 verbose parsed url   host: null,
186 verbose parsed url   port: null,
186 verbose parsed url   hostname: null,
186 verbose parsed url   hash: null,
186 verbose parsed url   search: null,
186 verbose parsed url   query: null,
186 verbose parsed url   pathname: '*',
186 verbose parsed url   path: '*',
186 verbose parsed url   href: '*' }
187 verbose addNamed [ 'debug', '*' ]
188 verbose addNamed [ null, '*' ]
189 silly lockFile 3ac45eff-debug debug@*
190 verbose lock debug@* C:\Users\Senthilnathank\AppData\Roaming\npm-cache\3ac45eff-debug.lock
191 verbose cache add [ 'nan@~0.4.4', null ]
192 verbose cache add name=undefined spec="nan@~0.4.4" args=["nan@~0.4.4",null]
193 verbose parsed url { protocol: null,
193 verbose parsed url   slashes: null,
193 verbose parsed url   auth: null,
193 verbose parsed url   host: null,
193 verbose parsed url   port: null,
193 verbose parsed url   hostname: null,
193 verbose parsed url   hash: null,
193 verbose parsed url   search: null,
193 verbose parsed url   query: null,
193 verbose parsed url   pathname: 'nan@~0.4.4',
193 verbose parsed url   path: 'nan@~0.4.4',
193 verbose parsed url   href: 'nan@~0.4.4' }
194 verbose cache add name="nan" spec="~0.4.4" args=["nan","~0.4.4"]
195 verbose parsed url { protocol: null,
195 verbose parsed url   slashes: null,
195 verbose parsed url   auth: null,
195 verbose parsed url   host: null,
195 verbose parsed url   port: null,
195 verbose parsed url   hostname: null,
195 verbose parsed url   hash: null,
195 verbose parsed url   search: null,
195 verbose parsed url   query: null,
195 verbose parsed url   pathname: '~0.4.4',
195 verbose parsed url   path: '~0.4.4',
195 verbose parsed url   href: '~0.4.4' }
196 verbose addNamed [ 'nan', '~0.4.4' ]
197 verbose addNamed [ null, '>=0.4.4-0 <0.5.0-0' ]
198 silly lockFile 212484be-nan-0-4-4 nan@~0.4.4
199 verbose lock nan@~0.4.4 C:\Users\Senthilnathank\AppData\Roaming\npm-cache\212484be-nan-0-4-4.lock
200 silly addNameRange { name: 'debug', range: '*', hasData: false }
201 silly addNameRange { name: 'bindings', range: '*', hasData: false }
202 verbose url raw bindings
203 verbose url resolving [ 'https://registry.npmjs.org/', './bindings' ]
204 verbose url resolved https://registry.npmjs.org/bindings
205 info trying registry request attempt 1 at 12:40:35
206 http GET https://registry.npmjs.org/bindings
207 silly addNameRange { name: 'nan', range: '>=0.4.4-0 <0.5.0-0', hasData: false }
208 verbose url raw nan
209 verbose url resolving [ 'https://registry.npmjs.org/', './nan' ]
210 verbose url resolved https://registry.npmjs.org/nan
211 info trying registry request attempt 1 at 12:40:35
212 http GET https://registry.npmjs.org/nan
213 verbose url raw debug
214 verbose url resolving [ 'https://registry.npmjs.org/', './debug' ]
215 verbose url resolved https://registry.npmjs.org/debug
216 info trying registry request attempt 1 at 12:40:35
217 verbose etag "ABO7Q991F3ZIUVD53SBJUW4V7"
218 http GET https://registry.npmjs.org/debug
219 http 200 https://registry.npmjs.org/bindings
220 silly registry.get cb [ 200,
220 silly registry.get   { date: 'Thu, 16 Jan 2014 07:10:36 GMT',
220 silly registry.get     server: 'CouchDB/1.5.0 (Erlang OTP/R15B03)',
220 silly registry.get     etag: '"80CVRU7IG7A0F4LZXEV3J3C1W"',
220 silly registry.get     'content-type': 'application/json',
220 silly registry.get     'content-length': '32259',
220 silly registry.get     'accept-ranges': 'bytes',
220 silly registry.get     via: '1.1 varnish',
220 silly registry.get     age: '50546',
220 silly registry.get     'x-served-by': 'cache-sv95-SJC3',
220 silly registry.get     'x-cache': 'HIT',
220 silly registry.get     'x-cache-hits': '39',
220 silly registry.get     'x-timer': 'S1389856236.777186155,VS0,VE52',
220 silly registry.get     vary: 'Accept',
220 silly registry.get     'keep-alive': 'timeout=10, max=50',
220 silly registry.get     connection: 'Keep-Alive' } ]
221 silly addNameRange number 2 { name: 'bindings', range: '*', hasData: true }
222 silly addNameRange versions [ 'bindings',
222 silly addNameRange   [ '0.0.1',
222 silly addNameRange     '0.1.0',
222 silly addNameRange     '0.1.1',
222 silly addNameRange     '0.2.0',
222 silly addNameRange     '0.2.1',
222 silly addNameRange     '0.2.2',
222 silly addNameRange     '0.2.3',
222 silly addNameRange     '0.2.4',
222 silly addNameRange     '0.3.0',
222 silly addNameRange     '0.4.0',
222 silly addNameRange     '1.0.0',
222 silly addNameRange     '1.1.0',
222 silly addNameRange     '1.1.1' ] ]
223 verbose addNamed [ 'bindings', '1.1.1' ]
224 verbose addNamed [ '1.1.1', '1.1.1' ]
225 silly lockFile 52dd60a7-bindings-1-1-1 bindings@1.1.1
226 verbose lock bindings@1.1.1 C:\Users\Senthilnathank\AppData\Roaming\npm-cache\52dd60a7-bindings-1-1-1.lock
227 silly lockFile 4e5e3491--org-bindings-bindings-1-1-1-tgz https://registry.npmjs.org/bindings/-/bindings-1.1.1.tgz
228 verbose lock https://registry.npmjs.org/bindings/-/bindings-1.1.1.tgz C:\Users\Senthilnathank\AppData\Roaming\npm-cache\4e5e3491--org-bindings-bindings-1-1-1-tgz.lock
229 verbose addRemoteTarball [ 'https://registry.npmjs.org/bindings/-/bindings-1.1.1.tgz',
229 verbose addRemoteTarball   '951f7ae010302ffc50b265b124032017ed2bf6f3' ]
230 info retry fetch attempt 1 at 12:40:39
231 verbose fetch to= C:\Users\SENTHI~1\AppData\Local\Temp\npm-8388-xm_Bmpt6\1389856239170-0.8475129480939358\tmp.tgz
232 http GET https://registry.npmjs.org/bindings/-/bindings-1.1.1.tgz
233 http 200 https://registry.npmjs.org/debug
234 silly registry.get cb [ 200,
234 silly registry.get   { date: 'Thu, 16 Jan 2014 07:10:36 GMT',
234 silly registry.get     server: 'CouchDB/1.5.0 (Erlang OTP/R15B03)',
234 silly registry.get     etag: '"9JQIT92A09SZHXXECYXMRSANZ"',
234 silly registry.get     'content-type': 'application/json',
234 silly registry.get     'content-length': '33437',
234 silly registry.get     'accept-ranges': 'bytes',
234 silly registry.get     via: '1.1 varnish',
234 silly registry.get     age: '75226',
234 silly registry.get     'x-served-by': 'cache-sv61-SJC3',
234 silly registry.get     'x-cache': 'HIT',
234 silly registry.get     'x-cache-hits': '868',
234 silly registry.get     'x-timer': 'S1389856236.839022160,VS0,VE0',
234 silly registry.get     vary: 'Accept',
234 silly registry.get     'keep-alive': 'timeout=10, max=50',
234 silly registry.get     connection: 'Keep-Alive' } ]
235 silly addNameRange number 2 { name: 'debug', range: '*', hasData: true }
236 silly addNameRange versions [ 'debug',
236 silly addNameRange   [ '0.0.1',
236 silly addNameRange     '0.1.0',
236 silly addNameRange     '0.2.0',
236 silly addNameRange     '0.3.0',
236 silly addNameRange     '0.4.0',
236 silly addNameRange     '0.4.1',
236 silly addNameRange     '0.5.0',
236 silly addNameRange     '0.6.0',
236 silly addNameRange     '0.7.0',
236 silly addNameRange     '0.7.1',
236 silly addNameRange     '0.7.2',
236 silly addNameRange     '0.7.3',
236 silly addNameRange     '0.7.4' ] ]
237 verbose addNamed [ 'debug', '0.7.4' ]
238 verbose addNamed [ '0.7.4', '0.7.4' ]
239 silly lockFile 16160008-debug-0-7-4 debug@0.7.4
240 verbose lock debug@0.7.4 C:\Users\Senthilnathank\AppData\Roaming\npm-cache\16160008-debug-0-7-4.lock
241 silly lockFile 16160008-debug-0-7-4 debug@0.7.4
242 silly lockFile 16160008-debug-0-7-4 debug@0.7.4
243 silly lockFile 3ac45eff-debug debug@*
244 silly lockFile 3ac45eff-debug debug@*
245 http 200 https://registry.npmjs.org/bindings/-/bindings-1.1.1.tgz
246 verbose tar unpack C:\Users\SENTHI~1\AppData\Local\Temp\npm-8388-xm_Bmpt6\1389856239170-0.8475129480939358\tmp.tgz
247 silly lockFile d4ca5626-39170-0-8475129480939358-package tar://C:\Users\SENTHI~1\AppData\Local\Temp\npm-8388-xm_Bmpt6\1389856239170-0.8475129480939358\package
248 verbose lock tar://C:\Users\SENTHI~1\AppData\Local\Temp\npm-8388-xm_Bmpt6\1389856239170-0.8475129480939358\package C:\Users\Senthilnathank\AppData\Roaming\npm-cache\d4ca5626-39170-0-8475129480939358-package.lock
249 silly lockFile 64174768-39170-0-8475129480939358-tmp-tgz tar://C:\Users\SENTHI~1\AppData\Local\Temp\npm-8388-xm_Bmpt6\1389856239170-0.8475129480939358\tmp.tgz
250 verbose lock tar://C:\Users\SENTHI~1\AppData\Local\Temp\npm-8388-xm_Bmpt6\1389856239170-0.8475129480939358\tmp.tgz C:\Users\Senthilnathank\AppData\Roaming\npm-cache\64174768-39170-0-8475129480939358-tmp-tgz.lock
251 silly gunzTarPerm modes [ '755', '644' ]
252 silly gunzTarPerm extractEntry package.json
253 silly gunzTarPerm extractEntry README.md
254 silly gunzTarPerm extractEntry bindings.js
255 silly lockFile d4ca5626-39170-0-8475129480939358-package tar://C:\Users\SENTHI~1\AppData\Local\Temp\npm-8388-xm_Bmpt6\1389856239170-0.8475129480939358\package
256 silly lockFile d4ca5626-39170-0-8475129480939358-package tar://C:\Users\SENTHI~1\AppData\Local\Temp\npm-8388-xm_Bmpt6\1389856239170-0.8475129480939358\package
257 silly lockFile 64174768-39170-0-8475129480939358-tmp-tgz tar://C:\Users\SENTHI~1\AppData\Local\Temp\npm-8388-xm_Bmpt6\1389856239170-0.8475129480939358\tmp.tgz
258 silly lockFile 64174768-39170-0-8475129480939358-tmp-tgz tar://C:\Users\SENTHI~1\AppData\Local\Temp\npm-8388-xm_Bmpt6\1389856239170-0.8475129480939358\tmp.tgz
259 verbose tar pack [ 'C:\\Users\\Senthilnathank\\AppData\\Roaming\\npm-cache\\bindings\\1.1.1\\package.tgz',
259 verbose tar pack   'C:\\Users\\SENTHI~1\\AppData\\Local\\Temp\\npm-8388-xm_Bmpt6\\1389856239170-0.8475129480939358\\package' ]
260 verbose tarball C:\Users\Senthilnathank\AppData\Roaming\npm-cache\bindings\1.1.1\package.tgz
261 verbose folder C:\Users\SENTHI~1\AppData\Local\Temp\npm-8388-xm_Bmpt6\1389856239170-0.8475129480939358\package
262 silly lockFile d4ca5626-39170-0-8475129480939358-package tar://C:\Users\SENTHI~1\AppData\Local\Temp\npm-8388-xm_Bmpt6\1389856239170-0.8475129480939358\package
263 verbose lock tar://C:\Users\SENTHI~1\AppData\Local\Temp\npm-8388-xm_Bmpt6\1389856239170-0.8475129480939358\package C:\Users\Senthilnathank\AppData\Roaming\npm-cache\d4ca5626-39170-0-8475129480939358-package.lock
264 silly lockFile 4f0fb04d-cache-bindings-1-1-1-package-tgz tar://C:\Users\Senthilnathank\AppData\Roaming\npm-cache\bindings\1.1.1\package.tgz
265 verbose lock tar://C:\Users\Senthilnathank\AppData\Roaming\npm-cache\bindings\1.1.1\package.tgz C:\Users\Senthilnathank\AppData\Roaming\npm-cache\4f0fb04d-cache-bindings-1-1-1-package-tgz.lock
266 silly lockFile d4ca5626-39170-0-8475129480939358-package tar://C:\Users\SENTHI~1\AppData\Local\Temp\npm-8388-xm_Bmpt6\1389856239170-0.8475129480939358\package
267 silly lockFile d4ca5626-39170-0-8475129480939358-package tar://C:\Users\SENTHI~1\AppData\Local\Temp\npm-8388-xm_Bmpt6\1389856239170-0.8475129480939358\package
268 silly lockFile 4f0fb04d-cache-bindings-1-1-1-package-tgz tar://C:\Users\Senthilnathank\AppData\Roaming\npm-cache\bindings\1.1.1\package.tgz
269 silly lockFile 4f0fb04d-cache-bindings-1-1-1-package-tgz tar://C:\Users\Senthilnathank\AppData\Roaming\npm-cache\bindings\1.1.1\package.tgz
270 silly lockFile a517b57b-npm-cache-bindings-1-1-1-package C:\Users\Senthilnathank\AppData\Roaming\npm-cache\bindings\1.1.1\package
271 verbose lock C:\Users\Senthilnathank\AppData\Roaming\npm-cache\bindings\1.1.1\package C:\Users\Senthilnathank\AppData\Roaming\npm-cache\a517b57b-npm-cache-bindings-1-1-1-package.lock
272 silly lockFile a517b57b-npm-cache-bindings-1-1-1-package C:\Users\Senthilnathank\AppData\Roaming\npm-cache\bindings\1.1.1\package
273 silly lockFile a517b57b-npm-cache-bindings-1-1-1-package C:\Users\Senthilnathank\AppData\Roaming\npm-cache\bindings\1.1.1\package
274 verbose tar unpack C:\Users\Senthilnathank\AppData\Roaming\npm-cache\bindings\1.1.1\package.tgz
275 silly lockFile 8559fb5f-npm-cache-bindings-1-1-1-package tar://C:\Users\Senthilnathank\AppData\Roaming\npm-cache\bindings\1.1.1\package
276 verbose lock tar://C:\Users\Senthilnathank\AppData\Roaming\npm-cache\bindings\1.1.1\package C:\Users\Senthilnathank\AppData\Roaming\npm-cache\8559fb5f-npm-cache-bindings-1-1-1-package.lock
277 silly lockFile 4f0fb04d-cache-bindings-1-1-1-package-tgz tar://C:\Users\Senthilnathank\AppData\Roaming\npm-cache\bindings\1.1.1\package.tgz
278 verbose lock tar://C:\Users\Senthilnathank\AppData\Roaming\npm-cache\bindings\1.1.1\package.tgz C:\Users\Senthilnathank\AppData\Roaming\npm-cache\4f0fb04d-cache-bindings-1-1-1-package-tgz.lock
279 silly gunzTarPerm modes [ '755', '644' ]
280 silly gunzTarPerm extractEntry package.json
281 silly gunzTarPerm modified mode [ 'package.json', 438, 420 ]
282 silly gunzTarPerm extractEntry README.md
283 silly gunzTarPerm modified mode [ 'README.md', 438, 420 ]
284 silly gunzTarPerm extractEntry bindings.js
285 silly gunzTarPerm modified mode [ 'bindings.js', 438, 420 ]
286 silly lockFile 8559fb5f-npm-cache-bindings-1-1-1-package tar://C:\Users\Senthilnathank\AppData\Roaming\npm-cache\bindings\1.1.1\package
287 silly lockFile 8559fb5f-npm-cache-bindings-1-1-1-package tar://C:\Users\Senthilnathank\AppData\Roaming\npm-cache\bindings\1.1.1\package
288 silly lockFile 4f0fb04d-cache-bindings-1-1-1-package-tgz tar://C:\Users\Senthilnathank\AppData\Roaming\npm-cache\bindings\1.1.1\package.tgz
289 silly lockFile 4f0fb04d-cache-bindings-1-1-1-package-tgz tar://C:\Users\Senthilnathank\AppData\Roaming\npm-cache\bindings\1.1.1\package.tgz
290 verbose chmod C:\Users\Senthilnathank\AppData\Roaming\npm-cache\bindings\1.1.1\package.tgz 644
291 silly chown skipping for windows C:\Users\Senthilnathank\AppData\Roaming\npm-cache\bindings\1.1.1\package.tgz
292 silly lockFile 4e5e3491--org-bindings-bindings-1-1-1-tgz https://registry.npmjs.org/bindings/-/bindings-1.1.1.tgz
293 silly lockFile 4e5e3491--org-bindings-bindings-1-1-1-tgz https://registry.npmjs.org/bindings/-/bindings-1.1.1.tgz
294 silly lockFile 52dd60a7-bindings-1-1-1 bindings@1.1.1
295 silly lockFile 52dd60a7-bindings-1-1-1 bindings@1.1.1
296 silly lockFile a3858fc2-bindings bindings@*
297 silly lockFile a3858fc2-bindings bindings@*
298 http 200 https://registry.npmjs.org/nan
299 silly registry.get cb [ 200,
299 silly registry.get   { date: 'Thu, 16 Jan 2014 07:10:36 GMT',
299 silly registry.get     server: 'CouchDB/1.5.0 (Erlang OTP/R15B03)',
299 silly registry.get     etag: '"2U6AAMRSX80CYB3WX842HVPMJ"',
299 silly registry.get     'content-type': 'application/json',
299 silly registry.get     'content-length': '548425',
299 silly registry.get     'accept-ranges': 'bytes',
299 silly registry.get     via: '1.1 varnish',
299 silly registry.get     age: '75221',
299 silly registry.get     'x-served-by': 'cache-sv62-SJC3',
299 silly registry.get     'x-cache': 'HIT',
299 silly registry.get     'x-cache-hits': '176',
299 silly registry.get     'x-timer': 'S1389856236.803937912,VS0,VE66',
299 silly registry.get     vary: 'Accept',
299 silly registry.get     'keep-alive': 'timeout=10, max=50',
299 silly registry.get     connection: 'Keep-Alive' } ]
300 silly addNameRange number 2 { name: 'nan', range: '>=0.4.4-0 <0.5.0-0', hasData: true }
301 silly addNameRange versions [ 'nan',
301 silly addNameRange   [ '0.3.0-wip',
301 silly addNameRange     '0.3.0-wip2',
301 silly addNameRange     '0.3.0',
301 silly addNameRange     '0.3.1',
301 silly addNameRange     '0.3.2',
301 silly addNameRange     '0.4.0',
301 silly addNameRange     '0.4.1',
301 silly addNameRange     '0.4.2',
301 silly addNameRange     '0.4.3',
301 silly addNameRange     '0.4.4',
301 silly addNameRange     '0.5.0',
301 silly addNameRange     '0.5.1',
301 silly addNameRange     '0.5.2',
301 silly addNameRange     '0.6.0',
301 silly addNameRange     '0.7.0',
301 silly addNameRange     '0.7.1',
301 silly addNameRange     '0.8.0' ] ]
302 verbose addNamed [ 'nan', '0.4.4' ]
303 verbose addNamed [ '0.4.4', '0.4.4' ]
304 silly lockFile 795fb663-nan-0-4-4 nan@0.4.4
305 verbose lock nan@0.4.4 C:\Users\Senthilnathank\AppData\Roaming\npm-cache\795fb663-nan-0-4-4.lock
306 silly lockFile cdd3cd42-stry-npmjs-org-nan-nan-0-4-4-tgz https://registry.npmjs.org/nan/-/nan-0.4.4.tgz
307 verbose lock https://registry.npmjs.org/nan/-/nan-0.4.4.tgz C:\Users\Senthilnathank\AppData\Roaming\npm-cache\cdd3cd42-stry-npmjs-org-nan-nan-0-4-4-tgz.lock
308 verbose addRemoteTarball [ 'https://registry.npmjs.org/nan/-/nan-0.4.4.tgz',
308 verbose addRemoteTarball   '9db58eae63cee119807a0d01afd0655d956bea75' ]
309 info retry fetch attempt 1 at 12:40:53
310 verbose fetch to= C:\Users\SENTHI~1\AppData\Local\Temp\npm-8388-xm_Bmpt6\1389856253806-0.4968909351155162\tmp.tgz
311 http GET https://registry.npmjs.org/nan/-/nan-0.4.4.tgz
312 http 200 https://registry.npmjs.org/nan/-/nan-0.4.4.tgz
313 verbose tar unpack C:\Users\SENTHI~1\AppData\Local\Temp\npm-8388-xm_Bmpt6\1389856253806-0.4968909351155162\tmp.tgz
314 silly lockFile ef0f3aa7-53806-0-4968909351155162-package tar://C:\Users\SENTHI~1\AppData\Local\Temp\npm-8388-xm_Bmpt6\1389856253806-0.4968909351155162\package
315 verbose lock tar://C:\Users\SENTHI~1\AppData\Local\Temp\npm-8388-xm_Bmpt6\1389856253806-0.4968909351155162\package C:\Users\Senthilnathank\AppData\Roaming\npm-cache\ef0f3aa7-53806-0-4968909351155162-package.lock
316 silly lockFile be9debe8-53806-0-4968909351155162-tmp-tgz tar://C:\Users\SENTHI~1\AppData\Local\Temp\npm-8388-xm_Bmpt6\1389856253806-0.4968909351155162\tmp.tgz
317 verbose lock tar://C:\Users\SENTHI~1\AppData\Local\Temp\npm-8388-xm_Bmpt6\1389856253806-0.4968909351155162\tmp.tgz C:\Users\Senthilnathank\AppData\Roaming\npm-cache\be9debe8-53806-0-4968909351155162-tmp-tgz.lock
318 silly gunzTarPerm modes [ '755', '644' ]
319 silly gunzTarPerm extractEntry package.json
320 silly gunzTarPerm extractEntry README.md
321 silly gunzTarPerm extractEntry LICENSE
322 silly gunzTarPerm extractEntry .index.js
323 silly gunzTarPerm extractEntry nan.h
324 silly lockFile ef0f3aa7-53806-0-4968909351155162-package tar://C:\Users\SENTHI~1\AppData\Local\Temp\npm-8388-xm_Bmpt6\1389856253806-0.4968909351155162\package
325 silly lockFile ef0f3aa7-53806-0-4968909351155162-package tar://C:\Users\SENTHI~1\AppData\Local\Temp\npm-8388-xm_Bmpt6\1389856253806-0.4968909351155162\package
326 silly lockFile be9debe8-53806-0-4968909351155162-tmp-tgz tar://C:\Users\SENTHI~1\AppData\Local\Temp\npm-8388-xm_Bmpt6\1389856253806-0.4968909351155162\tmp.tgz
327 silly lockFile be9debe8-53806-0-4968909351155162-tmp-tgz tar://C:\Users\SENTHI~1\AppData\Local\Temp\npm-8388-xm_Bmpt6\1389856253806-0.4968909351155162\tmp.tgz
328 verbose tar pack [ 'C:\\Users\\Senthilnathank\\AppData\\Roaming\\npm-cache\\nan\\0.4.4\\package.tgz',
328 verbose tar pack   'C:\\Users\\SENTHI~1\\AppData\\Local\\Temp\\npm-8388-xm_Bmpt6\\1389856253806-0.4968909351155162\\package' ]
329 verbose tarball C:\Users\Senthilnathank\AppData\Roaming\npm-cache\nan\0.4.4\package.tgz
330 verbose folder C:\Users\SENTHI~1\AppData\Local\Temp\npm-8388-xm_Bmpt6\1389856253806-0.4968909351155162\package
331 silly lockFile ef0f3aa7-53806-0-4968909351155162-package tar://C:\Users\SENTHI~1\AppData\Local\Temp\npm-8388-xm_Bmpt6\1389856253806-0.4968909351155162\package
332 verbose lock tar://C:\Users\SENTHI~1\AppData\Local\Temp\npm-8388-xm_Bmpt6\1389856253806-0.4968909351155162\package C:\Users\Senthilnathank\AppData\Roaming\npm-cache\ef0f3aa7-53806-0-4968909351155162-package.lock
333 silly lockFile 94b45f05--npm-cache-nan-0-4-4-package-tgz tar://C:\Users\Senthilnathank\AppData\Roaming\npm-cache\nan\0.4.4\package.tgz
334 verbose lock tar://C:\Users\Senthilnathank\AppData\Roaming\npm-cache\nan\0.4.4\package.tgz C:\Users\Senthilnathank\AppData\Roaming\npm-cache\94b45f05--npm-cache-nan-0-4-4-package-tgz.lock
335 silly lockFile ef0f3aa7-53806-0-4968909351155162-package tar://C:\Users\SENTHI~1\AppData\Local\Temp\npm-8388-xm_Bmpt6\1389856253806-0.4968909351155162\package
336 silly lockFile ef0f3aa7-53806-0-4968909351155162-package tar://C:\Users\SENTHI~1\AppData\Local\Temp\npm-8388-xm_Bmpt6\1389856253806-0.4968909351155162\package
337 silly lockFile 94b45f05--npm-cache-nan-0-4-4-package-tgz tar://C:\Users\Senthilnathank\AppData\Roaming\npm-cache\nan\0.4.4\package.tgz
338 silly lockFile 94b45f05--npm-cache-nan-0-4-4-package-tgz tar://C:\Users\Senthilnathank\AppData\Roaming\npm-cache\nan\0.4.4\package.tgz
339 silly lockFile ab01d469-ming-npm-cache-nan-0-4-4-package C:\Users\Senthilnathank\AppData\Roaming\npm-cache\nan\0.4.4\package
340 verbose lock C:\Users\Senthilnathank\AppData\Roaming\npm-cache\nan\0.4.4\package C:\Users\Senthilnathank\AppData\Roaming\npm-cache\ab01d469-ming-npm-cache-nan-0-4-4-package.lock
341 silly lockFile ab01d469-ming-npm-cache-nan-0-4-4-package C:\Users\Senthilnathank\AppData\Roaming\npm-cache\nan\0.4.4\package
342 silly lockFile ab01d469-ming-npm-cache-nan-0-4-4-package C:\Users\Senthilnathank\AppData\Roaming\npm-cache\nan\0.4.4\package
343 verbose tar unpack C:\Users\Senthilnathank\AppData\Roaming\npm-cache\nan\0.4.4\package.tgz
344 silly lockFile 03b08a92-ming-npm-cache-nan-0-4-4-package tar://C:\Users\Senthilnathank\AppData\Roaming\npm-cache\nan\0.4.4\package
345 verbose lock tar://C:\Users\Senthilnathank\AppData\Roaming\npm-cache\nan\0.4.4\package C:\Users\Senthilnathank\AppData\Roaming\npm-cache\03b08a92-ming-npm-cache-nan-0-4-4-package.lock
346 silly lockFile 94b45f05--npm-cache-nan-0-4-4-package-tgz tar://C:\Users\Senthilnathank\AppData\Roaming\npm-cache\nan\0.4.4\package.tgz
347 verbose lock tar://C:\Users\Senthilnathank\AppData\Roaming\npm-cache\nan\0.4.4\package.tgz C:\Users\Senthilnathank\AppData\Roaming\npm-cache\94b45f05--npm-cache-nan-0-4-4-package-tgz.lock
348 silly gunzTarPerm modes [ '755', '644' ]
349 silly gunzTarPerm extractEntry package.json
350 silly gunzTarPerm modified mode [ 'package.json', 438, 420 ]
351 silly gunzTarPerm extractEntry README.md
352 silly gunzTarPerm modified mode [ 'README.md', 438, 420 ]
353 silly gunzTarPerm extractEntry LICENSE
354 silly gunzTarPerm modified mode [ 'LICENSE', 438, 420 ]
355 silly gunzTarPerm extractEntry .index.js
356 silly gunzTarPerm modified mode [ '.index.js', 438, 420 ]
357 silly gunzTarPerm extractEntry nan.h
358 silly gunzTarPerm modified mode [ 'nan.h', 438, 420 ]
359 silly lockFile 03b08a92-ming-npm-cache-nan-0-4-4-package tar://C:\Users\Senthilnathank\AppData\Roaming\npm-cache\nan\0.4.4\package
360 silly lockFile 03b08a92-ming-npm-cache-nan-0-4-4-package tar://C:\Users\Senthilnathank\AppData\Roaming\npm-cache\nan\0.4.4\package
361 silly lockFile 94b45f05--npm-cache-nan-0-4-4-package-tgz tar://C:\Users\Senthilnathank\AppData\Roaming\npm-cache\nan\0.4.4\package.tgz
362 silly lockFile 94b45f05--npm-cache-nan-0-4-4-package-tgz tar://C:\Users\Senthilnathank\AppData\Roaming\npm-cache\nan\0.4.4\package.tgz
363 verbose chmod C:\Users\Senthilnathank\AppData\Roaming\npm-cache\nan\0.4.4\package.tgz 644
364 silly chown skipping for windows C:\Users\Senthilnathank\AppData\Roaming\npm-cache\nan\0.4.4\package.tgz
365 silly lockFile cdd3cd42-stry-npmjs-org-nan-nan-0-4-4-tgz https://registry.npmjs.org/nan/-/nan-0.4.4.tgz
366 silly lockFile cdd3cd42-stry-npmjs-org-nan-nan-0-4-4-tgz https://registry.npmjs.org/nan/-/nan-0.4.4.tgz
367 silly lockFile 795fb663-nan-0-4-4 nan@0.4.4
368 silly lockFile 795fb663-nan-0-4-4 nan@0.4.4
369 silly lockFile 212484be-nan-0-4-4 nan@~0.4.4
370 silly lockFile 212484be-nan-0-4-4 nan@~0.4.4
371 silly resolved [ { name: 'debug',
371 silly resolved     version: '0.7.4',
371 silly resolved     repository: { type: 'git', url: 'git://github.com/visionmedia/debug.git' },
371 silly resolved     description: 'small debugging utility',
371 silly resolved     keywords: [ 'debug', 'log', 'debugger' ],
371 silly resolved     author: { name: 'TJ Holowaychuk', email: 'tj@vision-media.ca' },
371 silly resolved     dependencies: {},
371 silly resolved     devDependencies: { mocha: '*' },
371 silly resolved     main: 'lib/debug.js',
371 silly resolved     browser: './debug.js',
371 silly resolved     engines: { node: '*' },
371 silly resolved     files: [ 'lib/debug.js', 'debug.js', 'index.js' ],
371 silly resolved     component: { scripts: [Object] },
371 silly resolved     readme: '# debug\n\n  tiny node.js debugging utility modelled after node core\'s debugging technique.\n\n## Installation\n\n```\n$ npm install debug\n```\n\n## Usage\n\n With `debug` you simply invoke the exported function to generate your debug function, passing it a name which will determine if a noop function is returned, or a decorated `console.error`, so all of the `console` format string goodies you\'re used to work fine. A unique color is selected per-function for visibility.\n \nExample _app.js_:\n\n```js\nvar debug = require(\'debug\')(\'http\')\n  , http = require(\'http\')\n  , name = \'My App\';\n\n// fake app\n\ndebug(\'booting %s\', name);\n\nhttp.createServer(function(req, res){\n  debug(req.method + \' \' + req.url);\n  res.end(\'hello\\n\');\n}).listen(3000, function(){\n  debug(\'listening\');\n});\n\n// fake worker of some kind\n\nrequire(\'./worker\');\n```\n\nExample _worker.js_:\n\n```js\nvar debug = require(\'debug\')(\'worker\');\n\nsetInterval(function(){\n  debug(\'doing some work\');\n}, 1000);\n```\n\n The __DEBUG__ environment variable is then used to enable these based on space or comma-delimited names. Here are some examples:\n\n  ![debug http and worker](http://f.cl.ly/items/18471z1H402O24072r1J/Screenshot.png)\n\n  ![debug worker](http://f.cl.ly/items/1X413v1a3M0d3C2c1E0i/Screenshot.png)\n\n## Millisecond diff\n\n  When actively developing an application it can be useful to see when the time spent between one `debug()` call and the next. Suppose for example you invoke `debug()` before requesting a resource, and after as well, the "+NNNms" will show you how much time was spent between calls.\n\n  ![](http://f.cl.ly/items/2i3h1d3t121M2Z1A3Q0N/Screenshot.png)\n\n  When stderr is not a TTY, `Date#toUTCString()` is used, making it more useful for logging the debug information as shown below:\n  _(NOTE: Debug now uses stderr instead of stdout, so the correct shell command for this example is actually `DEBUG=* node example/worker 2> out &`)_\n  \n  ![](http://f.cl.ly/items/112H3i0e0o0P0a2Q2r11/Screenshot.png)\n  \n## Conventions\n\n If you\'re using this in one or more of your libraries, you _should_ use the name of your library so that developers may toggle debugging as desired without guessing names. If you have more than one debuggers you _should_ prefix them with your library name and use ":" to separate features. For example "bodyParser" from Connect would then be "connect:bodyParser". \n\n## Wildcards\n\n  The "*" character may be used as a wildcard. Suppose for example your library has debuggers named "connect:bodyParser", "connect:compress", "connect:session", instead of listing all three with `DEBUG=connect:bodyParser,connect.compress,connect:session`, you may simply do `DEBUG=connect:*`, or to run everything using this module simply use `DEBUG=*`.\n\n  You can also exclude specific debuggers by prefixing them with a "-" character.  For example, `DEBUG=* -connect:*` would include all debuggers except those starting with "connect:".\n\n## Browser support\n\n Debug works in the browser as well, currently persisted by `localStorage`. For example if you have `worker:a` and `worker:b` as shown below, and wish to debug both type `debug.enable(\'worker:*\')` in the console and refresh the page, this will remain until you disable with `debug.disable()`. \n\n```js\na = debug(\'worker:a\');\nb = debug(\'worker:b\');\n\nsetInterval(function(){\n  a(\'doing some work\');\n}, 1000);\n\nsetInterval(function(){\n  a(\'doing some work\');\n}, 1200);\n```\n\n## License \n\n(The MIT License)\n\nCopyright (c) 2011 TJ Holowaychuk &lt;tj@vision-media.ca&gt;\n\nPermission is hereby granted, free of charge, to any person obtaining\na copy of this software and associated documentation files (the\n\'Software\'), to deal in the Software without restriction, including\nwithout limitation the rights to use, copy, modify, merge, publish,\ndistribute, sublicense, and/or sell copies of the Software, and to\npermit persons to whom the Software is furnished to do so, subject to\nthe following conditions:\n\nThe above copyright notice and this permission notice shall be\nincluded in all copies or substantial portions of the Software.\n\nTHE SOFTWARE IS PROVIDED \'AS IS\', WITHOUT WARRANTY OF ANY KIND,\nEXPRESS OR IMPLIED, INCLUDING BUT NOT LIMITED TO THE WARRANTIES OF\nMERCHANTABILITY, FITNESS FOR A PARTICULAR PURPOSE AND NONINFRINGEMENT.\nIN NO EVENT SHALL THE AUTHORS OR COPYRIGHT HOLDERS BE LIABLE FOR ANY\nCLAIM, DAMAGES OR OTHER LIABILITY, WHETHER IN AN ACTION OF CONTRACT,\nTORT OR OTHERWISE, ARISING FROM, OUT OF OR IN CONNECTION WITH THE\nSOFTWARE OR THE USE OR OTHER DEALINGS IN THE SOFTWARE.\n',
371 silly resolved     readmeFilename: 'Readme.md',
371 silly resolved     bugs: { url: 'https://github.com/visionmedia/debug/issues' },
371 silly resolved     homepage: 'https://github.com/visionmedia/debug',
371 silly resolved     _id: 'debug@0.7.4',
371 silly resolved     _from: 'debug@*' },
371 silly resolved   { name: 'bindings',
371 silly resolved     description: 'Helper module for loading your native module\'s .node file',
371 silly resolved     keywords: [ 'native', 'addon', 'bindings', 'gyp', 'waf', 'c', 'c++' ],
371 silly resolved     version: '1.1.1',
371 silly resolved     author:
371 silly resolved      { name: 'Nathan Rajlich',
371 silly resolved        email: 'nathan@tootallnate.net',
371 silly resolved        url: 'http://tootallnate.net' },
371 silly resolved     repository:
371 silly resolved      { type: 'git',
371 silly resolved        url: 'git://github.com/TooTallNate/node-bindings.git' },
371 silly resolved     main: './bindings.js',
371 silly resolved     readme: 'node-bindings\n=============\n### Helper module for loading your native module\'s .node file\n\nThis is a helper module for authors of Node.js native addon modules.\nIt is basically the "swiss army knife" of `require()`ing your native module\'s\n`.node` file.\n\nThroughout the course of Node\'s native addon history, addons have ended up being\ncompiled in a variety of different places, depending on which build tool and which\nversion of node was used. To make matters worse, now the _gyp_ build tool can\nproduce either a _Release_ or _Debug_ build, each being built into different\nlocations.\n\nThis module checks _all_ the possible locations that a native addon would be built\nat, and returns the first one that loads successfully.\n\n\nInstallation\n------------\n\nInstall with `npm`:\n\n``` bash\n$ npm install bindings\n```\n\nOr add it to the `"dependencies"` section of your _package.json_ file.\n\n\nExample\n-------\n\n`require()`ing the proper bindings file for the current node version, platform\nand architecture is as simple as:\n\n``` js\nvar bindings = require(\'bindings\')(\'binding.node\')\n\n// Use your bindings defined in your C files\nbindings.your_c_function()\n```\n\n\nNice Error Output\n-----------------\n\nWhen the `.node` file could not be loaded, `node-bindings` throws an Error with\na nice error message telling you exactly what was tried. You can also check the\n`err.tries` Array property.\n\n```\nError: Could not load the bindings file. Tried:\n  /Users/nrajlich/ref/build/binding.node\n  /Users/nrajlich/ref/build/Debug/binding.node\n  /Users/nrajlich/ref/build/Release/binding.node\n  /Users/nrajlich/ref/out/Debug/binding.node\n  /Users/nrajlich/ref/Debug/binding.node\n  /Users/nrajlich/ref/out/Release/binding.node\n  /Users/nrajlich/ref/Release/binding.node\n  /Users/nrajlich/ref/build/default/binding.node\n  /Users/nrajlich/ref/compiled/0.8.2/darwin/x64/binding.node\n    at bindings (/Users/nrajlich/ref/node_modules/bindings/bindings.js:84:13)\n    at Object.<anonymous> (/Users/nrajlich/ref/lib/ref.js:5:47)\n    at Module._compile (module.js:449:26)\n    at Object.Module._extensions..js (module.js:467:10)\n    at Module.load (module.js:356:32)\n    at Function.Module._load (module.js:312:12)\n    ...\n```\n\n\nLicense\n-------\n\n(The MIT License)\n\nCopyright (c) 2012 Nathan Rajlich &lt;nathan@tootallnate.net&gt;\n\nPermission is hereby granted, free of charge, to any person obtaining\na copy of this software and associated documentation files (the\n\'Software\'), to deal in the Software without restriction, including\nwithout limitation the rights to use, copy, modify, merge, publish,\ndistribute, sublicense, and/or sell copies of the Software, and to\npermit persons to whom the Software is furnished to do so, subject to\nthe following conditions:\n\nThe above copyright notice and this permission notice shall be\nincluded in all copies or substantial portions of the Software.\n\nTHE SOFTWARE IS PROVIDED \'AS IS\', WITHOUT WARRANTY OF ANY KIND,\nEXPRESS OR IMPLIED, INCLUDING BUT NOT LIMITED TO THE WARRANTIES OF\nMERCHANTABILITY, FITNESS FOR A PARTICULAR PURPOSE AND NONINFRINGEMENT.\nIN NO EVENT SHALL THE AUTHORS OR COPYRIGHT HOLDERS BE LIABLE FOR ANY\nCLAIM, DAMAGES OR OTHER LIABILITY, WHETHER IN AN ACTION OF CONTRACT,\nTORT OR OTHERWISE, ARISING FROM, OUT OF OR IN CONNECTION WITH THE\nSOFTWARE OR THE USE OR OTHER DEALINGS IN THE SOFTWARE.\n',
371 silly resolved     readmeFilename: 'README.md',
371 silly resolved     bugs: { url: 'https://github.com/TooTallNate/node-bindings/issues' },
371 silly resolved     homepage: 'https://github.com/TooTallNate/node-bindings',
371 silly resolved     _id: 'bindings@1.1.1',
371 silly resolved     dist: { shasum: 'f64dac440bdafe21788798aba287177825707571' },
371 silly resolved     _from: 'bindings@*',
371 silly resolved     _resolved: 'https://registry.npmjs.org/bindings/-/bindings-1.1.1.tgz' },
371 silly resolved   { name: 'nan',
371 silly resolved     version: '0.4.4',
371 silly resolved     description: 'Native Abstractions for Node.js: C++ header for Node 0.8->0.12 compatibility',
371 silly resolved     main: '.index.js',
371 silly resolved     repository: { type: 'git', url: 'git://github.com/rvagg/nan.git' },
371 silly resolved     contributors: [ [Object], [Object], [Object] ],
371 silly resolved     license: 'MIT',
371 silly resolved     readme: 'Native Abstractions for Node.js\n===============================\n\n**A header file filled with macro and utility goodness for making add-on development for Node.js easier across versions 0.8, 0.10 and 0.11, and eventually 0.12.**\n\n***Current version: 0.4.4*** *(See [nan.h](https://github.com/rvagg/nan/blob/master/nan.h) for complete ChangeLog)*\n\n[![NPM](https://nodei.co/npm/nan.png?downloads=true&stars=true)](https://nodei.co/npm/nan/) [![NPM](https://nodei.co/npm-dl/nan.png?months=6)](https://nodei.co/npm/nan/)\n\nThanks to the crazy changes in V8 (and some in Node core), keeping native addons compiling happily across versions, particularly 0.10 to 0.11/0.12, is a minor nightmare. The goal of this project is to store all logic necessary to develop native Node.js addons without having to inspect `NODE_MODULE_VERSION` and get yourself into a macro-tangle.\n\nThis project also contains some helper utilities that make addon development a bit more pleasant.\n\n * **[Usage](#usage)**\n * **[Example](#example)**\n * **[API](#api)**\n\n<a name="usage"></a>\n## Usage\n\nSimply add **NAN** as a dependency in the *package.json* of your Node addon:\n\n```js\n"dependencies": {\n    ...\n    "nan" : "~0.4.4"\n    ...\n}\n```\n\nPull in the path to **NAN** in your *binding.gyp* so that you can use `#include "nan.h"` in your *.cpp*:\n\n```js\n"include_dirs" : [\n    "<!(node -p -e \\"require(\'path\').relative(\'.\', require(\'path\').dirname(require.resolve(\'nan\')))\\")"\n]\n```\n\nThis works like a `-I<path-to-NAN>` when compiling your addon.\n\n<a name="example"></a>\n## Example\n\nSee **[LevelDOWN](https://github.com/rvagg/node-leveldown/pull/48)** for a full example of **NAN** in use.\n\nFor a simpler example, see the **[async pi estimation example](https://github.com/rvagg/nan/tree/master/examples/async_pi_estimate)** in the examples directory for full code and an explanation of what this Monte Carlo Pi estimation example does. Below are just some parts of the full example that illustrate the use of **NAN**.\n\nCompare to the current 0.10 version of this example, found in the [node-addon-examples](https://github.com/rvagg/node-addon-examples/tree/master/9_async_work) repository and also a 0.11 version of the same found [here](https://github.com/kkoopa/node-addon-examples/tree/5c01f58fc993377a567812597e54a83af69686d7/9_async_work).\n\nNote that there is no embedded version sniffing going on here and also the async work is made much simpler, see below for details on the `NanAsyncWorker` class.\n\n```c++\n// addon.cc\n#include <node.h>\n#include "nan.h"\n// ...\n\nusing namespace v8;\n\nvoid InitAll(Handle<Object> exports) {\n  exports->Set(NanSymbol("calculateSync"),\n    FunctionTemplate::New(CalculateSync)->GetFunction());\n\n  exports->Set(NanSymbol("calculateAsync"),\n    FunctionTemplate::New(CalculateAsync)->GetFunction());\n}\n\nNODE_MODULE(addon, InitAll)\n```\n\n```c++\n// sync.h\n#include <node.h>\n#include "nan.h"\n\nNAN_METHOD(CalculateSync);\n```\n\n```c++\n// sync.cc\n#include <node.h>\n#include "nan.h"\n#include "sync.h"\n// ...\n\nusing namespace v8;\n\n// Simple synchronous access to the `Estimate()` function\nNAN_METHOD(CalculateSync) {\n  NanScope();\n\n  // expect a number as the first argument\n  int points = args[0]->Uint32Value();\n  double est = Estimate(points);\n\n  NanReturnValue(Number::New(est));\n}\n```\n\n```c++\n// async.cc\n#include <node.h>\n#include "nan.h"\n#include "async.h"\n\n// ...\n\nusing namespace v8;\n\nclass PiWorker : public NanAsyncWorker {\n public:\n  PiWorker(NanCallback *callback, int points)\n    : NanAsyncWorker(callback), points(points) {}\n  ~PiWorker() {}\n\n  // Executed inside the worker-thread.\n  // It is not safe to access V8, or V8 data structures\n  // here, so everything we need for input and output\n  // should go on `this`.\n  void Execute () {\n    estimate = Estimate(points);\n  }\n\n  // Executed when the async work is complete\n  // this function will be run inside the main event loop\n  // so it is safe to use V8 again\n  void HandleOKCallback () {\n    NanScope();\n\n    Local<Value> argv[] = {\n        Local<Value>::New(Null())\n      , Number::New(estimate)\n    };\n\n    callback->Call(2, argv);\n  };\n\n private:\n  int points;\n  double estimate;\n};\n\n// Asynchronous access to the `Estimate()` function\nNAN_METHOD(CalculateAsync) {\n  NanScope();\n\n  int points = args[0]->Uint32Value();\n  NanCallback *callback = new NanCallback(args[1].As<Function>());\n\n  NanAsyncQueueWorker(new PiWorker(callback, points));\n  NanReturnUndefined();\n}\n```\n\n<a name="api"></a>\n## API\n\n * <a href="#api_nan_method"><b><code>NAN_METHOD</code></b></a>\n * <a href="#api_nan_getter"><b><code>NAN_GETTER</code></b></a>\n * <a href="#api_nan_setter"><b><code>NAN_SETTER</code></b></a>\n * <a href="#api_nan_property_getter"><b><code>NAN_PROPERTY_GETTER</code></b></a>\n * <a href="#api_nan_property_setter"><b><code>NAN_PROPERTY_SETTER</code></b></a>\n * <a href="#api_nan_property_enumerator"><b><code>NAN_PROPERTY_ENUMERATOR</code></b></a>\n * <a href="#api_nan_property_deleter"><b><code>NAN_PROPERTY_DELETER</code></b></a>\n * <a href="#api_nan_property_query"><b><code>NAN_PROPERTY_QUERY</code></b></a>\n * <a href="#api_nan_weak_callback"><b><code>NAN_WEAK_CALLBACK</code></b></a>\n * <a href="#api_nan_deprecated"><b><code>NAN_DEPRECATED</code></b></a>\n * <a href="#api_nan_inline"><b><code>NAN_INLINE</code></b></a> \n * <a href="#api_nan_return_value"><b><code>NanReturnValue</code></b></a>\n * <a href="#api_nan_return_undefined"><b><code>NanReturnUndefined</code></b></a>\n * <a href="#api_nan_return_null"><b><code>NanReturnNull</code></b></a>\n * <a href="#api_nan_return_empty_string"><b><code>NanReturnEmptyString</code></b></a>\n * <a href="#api_nan_scope"><b><code>NanScope</code></b></a>\n * <a href="#api_nan_locker"><b><code>NanLocker</code></b></a>\n * <a href="#api_nan_unlocker"><b><code>NanUnlocker</code></b></a>\n * <a href="#api_nan_get_internal_field_pointer"><b><code>NanGetInternalFieldPointer</code></b></a>\n * <a href="#api_nan_set_internal_field_pointer"><b><code>NanSetInternalFieldPointer</code></b></a>\n * <a href="#api_nan_object_wrap_handle"><b><code>NanObjectWrapHandle</code></b></a>\n * <a href="#api_nan_make_weak"><b><code>NanMakeWeak</code></b></a>\n * <a href="#api_nan_symbol"><b><code>NanSymbol</code></b></a>\n * <a href="#api_nan_get_pointer_safe"><b><code>NanGetPointerSafe</code></b></a>\n * <a href="#api_nan_set_pointer_safe"><b><code>NanSetPointerSafe</code></b></a>\n * <a href="#api_nan_from_v8_string"><b><code>NanFromV8String</code></b></a>\n * <a href="#api_nan_boolean_option_value"><b><code>NanBooleanOptionValue</code></b></a>\n * <a href="#api_nan_uint32_option_value"><b><code>NanUInt32OptionValue</code></b></a>\n * <a href="#api_nan_error"><b><code>NanError</code></b>, <b><code>NanTypeError</code></b>, <b><code>NanRangeError</code></b></a>\n * <a href="#api_nan_throw_error"><b><code>NanThrowError</code></b>, <b><code>NanThrowTypeError</code></b>, <b><code>NanThrowRangeError</code></b>, <b><code>NanThrowError(Handle<Value>)</code></b>, <b><code>NanThrowError(Handle<Value>, int)</code></b></a>\n * <a href="#api_nan_new_buffer_handle"><b><code>NanNewBufferHandle(char *, size_t, FreeCallback, void *)</code></b>, <b><code>NanNewBufferHandle(char *, uint32_t)</code></b>, <b><code>NanNewBufferHandle(uint32_t)</code></b></a>\n * <a href="#api_nan_buffer_use"><b><code>NanBufferUse(char *, uint32_t)</code></b></a>\n * <a href="#api_nan_new_context_handle"><b><code>NanNewContextHandle</code></b></a>\n * <a href="#api_nan_has_instance"><b><code>NanHasInstance</code></b></a>\n * <a href="#api_nan_persistent_to_local"><b><code>NanPersistentToLocal</code></b></a>\n * <a href="#api_nan_dispose"><b><code>NanDispose</code></b></a>\n * <a href="#api_nan_assign_persistent"><b><code>NanAssignPersistent</code></b></a>\n * <a href="#api_nan_init_persistent"><b><code>NanInitPersistent</code></b></a>\n * <a href="#api_nan_callback"><b><code>NanCallback</code></b></a>\n * <a href="#api_nan_async_worker"><b><code>NanAsyncWorker</code></b></a>\n * <a href="#api_nan_async_queue_worker"><b><code>NanAsyncQueueWorker</code></b></a>\n\n<a name="api_nan_method"></a>\n### NAN_METHOD(methodname)\n\nUse `NAN_METHOD` to define your V8 accessible methods:\n\n```c++\n// .h:\nclass Foo : public node::ObjectWrap {\n  ...\n\n  static NAN_METHOD(Bar);\n  static NAN_METHOD(Baz);\n}\n\n\n// .cc:\nNAN_METHOD(Foo::Bar) {\n  ...\n}\n\nNAN_METHOD(Foo::Baz) {\n  ...\n}\n```\n\nThe reason for this macro is because of the method signature change in 0.11:\n\n```c++\n// 0.10 and below:\nHandle<Value> name(const Arguments& args)\n\n// 0.11 and above\nvoid name(const FunctionCallbackInfo<Value>& args)\n```\n\nThe introduction of `FunctionCallbackInfo` brings additional complications:\n\n<a name="api_nan_getter"></a>\n### NAN_GETTER(methodname)\n\nUse `NAN_GETTER` to declare your V8 accessible getters. You get a `Local<String>` `property` and an appropriately typed `args` object that can act like the `args` argument to a `NAN_METHOD` call.\n\nYou can use `NanReturnNull()`, `NanReturnEmptyString()`, `NanReturnUndefined()` and `NanReturnValue()` in a `NAN_GETTER`.\n\n<a name="api_nan_setter"></a>\n### NAN_SETTER(methodname)\n\nUse `NAN_SETTER` to declare your V8 accessible setters. Same as `NAN_GETTER` but you also get a `Local<Value>` `value` object to work with.\n\nYou can use `NanReturnNull()`, `NanReturnEmptyString()`, `NanReturnUndefined()` and `NanReturnValue()` in a `NAN_SETTER`.\n\n<a name="api_nan_property_getter"></a>\n### NAN_PROPERTY_GETTER(cbname)\nUse `NAN_PROPERTY_GETTER` to declare your V8 accessible property getters. You get a `Local<String>` `property` and an appropriately typed `args` object that can act similar to the `args` argument to a `NAN_METHOD` call.\n\nYou can use `NanReturnNull()`, `NanReturnEmptyString()`, `NanReturnUndefined()` and `NanReturnValue()` in a `NAN_PROPERTY_GETTER`.\n\n<a name="api_nan_property_setter"></a>\n### NAN_PROPERTY_SETTER(cbname)\nUse `NAN_PROPERTY_SETTER` to declare your V8 accessible property setters. Same as `NAN_PROPERTY_GETTER` but you also get a `Local<Value>` `value` object to work with.\n\nYou can use `NanReturnNull()`, `NanReturnEmptyString()`, `NanReturnUndefined()` and `NanReturnValue()` in a `NAN_PROPERTY_SETTER`.\n\n<a name="api_nan_property_enumerator"></a>\n### NAN_PROPERTY_ENUMERATOR(cbname)\nUse `NAN_PROPERTY_ENUMERATOR` to declare your V8 accessible property enumerators. You get an appropriately typed `args` object like the `args` argument to a `NAN_PROPERTY_GETTER` call.\n\nYou can use `NanReturnNull()`, `NanReturnEmptyString()`, `NanReturnUndefined()` and `NanReturnValue()` in a `NAN_PROPERTY_ENUMERATOR`.\n\n<a name="api_nan_property_deleter"></a>\n### NAN_PROPERTY_DELETER(cbname)\nUse `NAN_PROPERTY_DELETER` to declare your V8 accessible property deleters. Same as `NAN_PROPERTY_GETTER`.\n\nYou can use `NanReturnNull()`, `NanReturnEmptyString()`, `NanReturnUndefined()` and `NanReturnValue()` in a `NAN_PROPERTY_DELETER`.\n\n<a name="api_nan_property_query"></a>\n### NAN_PROPERTY_QUERY(cbname)\nUse `NAN_PROPERTY_QUERY` to declare your V8 accessible property queries. Same as `NAN_PROPERTY_GETTER`.\n\nYou can use `NanReturnNull()`, `NanReturnEmptyString()`, `NanReturnUndefined()` and `NanReturnValue()` in a `NAN_PROPERTY_QUERY`.\n\n<a name="api_nan_weak_callback"></a>\n### NAN_WEAK_CALLBACK(type, cbname)\n\nUse `NAN_WEAK_CALLBACK` to declare your V8 WeakReference callbacks. There is an object argument accessible through `NAN_WEAK_CALLBACK_OBJECT`. The `type` argument gives the type of the `data` argument, accessible through `NAN_WEAK_CALLBACK_DATA(type)`.\n\n```c++\nstatic NAN_WEAK_CALLBACK(BufferReference*, WeakCheck) {\n  if (NAN_WEAK_CALLBACK_DATA(BufferReference*)->noLongerNeeded_) {\n    delete NAN_WEAK_CALLBACK_DATA(BufferReference*);\n  } else {\n    // Still in use, revive, prevent GC\n    NanMakeWeak(NAN_WEAK_CALLBACK_OBJECT, NAN_WEAK_CALLBACK_DATA(BufferReference*), &WeakCheck);\n  }\n}\n```\n\n<a name="api_nan_deprecated"></a>\n### NAN_DEPRECATED(declarator)\nDeclares a function as deprecated. Identical to `V8_DEPRECATED`.\n\n```c++\nstatic NAN_DEPRECATED(NAN_METHOD(foo)) {\n  ...\n}\n```\n\n<a name="api_nan_inline"></a>\n### NAN_INLINE(declarator)\nInlines a function. Identical to `V8_INLINE`.\n\n```c++\nstatic NAN_INLINE(int foo(int bar)) {\n  ...\n}\n```\n\n<a name="api_nan_return_value"></a>\n### NanReturnValue(Handle&lt;Value&gt;)\n\nUse `NanReturnValue` when you want to return a value from your V8 accessible method:\n\n```c++\nNAN_METHOD(Foo::Bar) {\n  ...\n\n  NanReturnValue(String::New("FooBar!"));\n}\n```\n\nNo `return` statement required.\n\n<a name="api_nan_return_undefined"></a>\n### NanReturnUndefined()\n\nUse `NanReturnUndefined` when you don\'t want to return anything from your V8 accessible method:\n\n```c++\nNAN_METHOD(Foo::Baz) {\n  ...\n\n  NanReturnUndefined();\n}\n```\n\n<a name="api_nan_return_null"></a>\n### NanReturnNull()\n\nUse `NanReturnNull` when you want to return `Null` from your V8 accessible method:\n\n```c++\nNAN_METHOD(Foo::Baz) {\n  ...\n\n  NanReturnNull();\n}\n```\n\n<a name="api_nan_return_empty_string"></a>\n### NanReturnEmptyString()\n\nUse `NanReturnEmptyString` when you want to return an empty `String` from your V8 accessible method:\n\n```c++\nNAN_METHOD(Foo::Baz) {\n  ...\n\n  NanReturnEmptyString();\n}\n```\n\n<a name="api_nan_scope"></a>\n### NanScope()\n\nThe introduction of `isolate` references for many V8 calls in Node 0.11 makes `NanScope()` necessary, use it in place of `HandleScope scope`:\n\n```c++\nNAN_METHOD(Foo::Bar) {\n  NanScope();\n\n  NanReturnValue(String::New("FooBar!"));\n}\n```\n\n<a name="api_nan_locker"></a>\n### NanLocker()\n\nThe introduction of `isolate` references for many V8 calls in Node 0.11 makes `NanLocker()` necessary, use it in place of `Locker locker`:\n\n```c++\nNAN_METHOD(Foo::Bar) {\n  NanLocker();\n  ...\n  NanUnlocker();\n}\n```\n\n<a name="api_nan_unlocker"></a>\n### NanUnlocker()\n\nThe introduction of `isolate` references for many V8 calls in Node 0.11 makes `NanUnlocker()` necessary, use it in place of `Unlocker unlocker`:\n\n```c++\nNAN_METHOD(Foo::Bar) {\n  NanLocker();\n  ...\n  NanUnlocker();\n}\n```\n\n<a name="api_nan_get_internal_field_pointer"></a>\n### void * NanGetInternalFieldPointer(Handle&lt;Object&gt;, int)\n\nGets a pointer to the internal field with at `index` from a V8 `Object` handle.\n\n```c++\nLocal<Object> obj;\n...\nNanGetInternalFieldPointer(obj, 0);\n```\n<a name="api_nan_set_internal_field_pointer"></a>\n### void NanSetInternalFieldPointer(Handle&lt;Object&gt;, int, void *)\n\nSets the value of the internal field at `index` on a V8 `Object` handle.\n\n```c++\nstatic Persistent<Function> dataWrapperCtor;\n...\nLocal<Object> wrapper = NanPersistentToLocal(dataWrapperCtor)->NewInstance();\nNanSetInternalFieldPointer(wrapper, 0, this);\n```\n\n<a name="api_nan_object_wrap_handle"></a>\n### Local&lt;Object&gt; NanObjectWrapHandle(Object)\n\nWhen you want to fetch the V8 object handle from a native object you\'ve wrapped with Node\'s `ObjectWrap`, you should use `NanObjectWrapHandle`:\n\n```c++\nNanObjectWrapHandle(iterator)->Get(String::NewSymbol("end"))\n```\n\n<a name="api_nan_make_weak"></a>\n### NanMakeWeak(Persistent&lt;T&gt;, parameter, callback)\n\nMake a persistent reference weak.\n\n<a name="api_nan_symbol"></a>\n### String NanSymbol(char *)\n\nThis isn\'t strictly about compatibility, it\'s just an easier way to create string symbol objects (i.e. `String::NewSymbol(x)`), for getting and setting object properties, or names of objects.\n\n```c++\nbool foo = false;\nif (obj->Has(NanSymbol("foo")))\n  foo = optionsObj->Get(NanSymbol("foo"))->BooleanValue()\n```\n\n<a name="api_nan_get_pointer_safe"></a>\n### Type NanGetPointerSafe(Type *[, Type])\n\nA helper for getting values from optional pointers. If the pointer is `NULL`, the function returns the optional default value, which defaults to `0`.  Otherwise, the function returns the value the pointer points to.\n\n```c++\nchar *plugh(uint32_t *optional) {\n  char res[] = "xyzzy";\n  uint32_t param = NanGetPointerSafe<uint32_t>(optional, 0x1337);\n  switch (param) {\n    ...\n  }\n  NanSetPointerSafe<uint32_t>(optional, 0xDEADBEEF);\n}  \n```\n\n<a name="api_nan_set_pointer_safe"></a>\n### bool NanSetPointerSafe(Type *, Type)\n\nA helper for setting optional argument pointers. If the pointer is `NULL`, the function simply return `false`.  Otherwise, the value is assigned to the variable the pointer points to.\n\n```c++\nconst char *plugh(size_t *outputsize) {\n  char res[] = "xyzzy";\n  if !(NanSetPointerSafe<size_t>(outputsize, strlen(res) + 1)) {\n    ...\n  }\n\n  ...\n}\n```\n\n<a name="api_nan_from_v8_string"></a>\n### char* NanFromV8String(Handle&lt;Value&gt;[, enum Nan::Encoding, size_t *, char *, size_t, int])\n\nWhen you want to convert a V8 `String` to a `char*` use `NanFromV8String`. It is possible to define an encoding that defaults to `Nan::UTF8` as well as a pointer to a variable that will be assigned the number of bytes in the returned string. It is also possible to supply a buffer and its length to the function in order not to have a new buffer allocated. The final argument allows optionally setting `String::WriteOptions`, which default to `String::HINT_MANY_WRITES_EXPECTED | String::NO_NULL_TERMINATION`.\nJust remember that you\'ll end up with an object that you\'ll need to `delete[]` at some point unless you supply your own buffer:\n\n```c++\nsize_t count;\nchar* name = NanFromV8String(args[0]);\nchar* decoded = NanFromV8String(args[1], Nan::BASE64, &count, NULL, 0, String::HINT_MANY_WRITES_EXPECTED);\nchar param_copy[count];\nmemcpy(param_copy, decoded, count);\ndelete[] decoded;\n```\n\n<a name="api_nan_boolean_option_value"></a>\n### bool NanBooleanOptionValue(Handle&lt;Value&gt;, Handle&lt;String&gt;[, bool])\n\nWhen you have an "options" object that you need to fetch properties from, boolean options can be fetched with this pair. They check first if the object exists (`IsEmpty`), then if the object has the given property (`Has`) then they get and convert/coerce the property to a `bool`.\n\nThe optional last parameter is the *default* value, which is `false` if left off:\n\n```c++\n// `foo` is false unless the user supplies a truthy value for it\nbool foo = NanBooleanOptionValue(optionsObj, NanSymbol("foo"));\n// `bar` is true unless the user supplies a falsy value for it\nbool bar = NanBooleanOptionValueDefTrue(optionsObj, NanSymbol("bar"), true);\n```\n\n<a name="api_nan_uint32_option_value"></a>\n### uint32_t NanUInt32OptionValue(Handle&lt;Value&gt;, Handle&lt;String&gt;, uint32_t)\n\nSimilar to `NanBooleanOptionValue`, use `NanUInt32OptionValue` to fetch an integer option from your options object. Can be any kind of JavaScript `Number` and it will be coerced to an unsigned 32-bit integer.\n\nRequires all 3 arguments as a default is not optional:\n\n```c++\nuint32_t count = NanUInt32OptionValue(optionsObj, NanSymbol("count"), 1024);\n```\n\n<a name="api_nan_error"></a>\n### NanError(message), NanTypeError(message), NanRangeError(message)\n\nFor making `Error`, `TypeError` and `RangeError` objects.\n\n```c++\nLocal<Value> res = NanError("you must supply a callback argument");\n```\n\n<a name="api_nan_throw_error"></a>\n### NanThrowError(message), NanThrowTypeError(message), NanThrowRangeError(message), NanThrowError(Local&lt;Value&gt;), NanThrowError(Local&lt;Value&gt;, int)\n\nFor throwing `Error`, `TypeError` and `RangeError` objects. You should `return` this call:\n\n```c++\nreturn NanThrowError("you must supply a callback argument");\n```\n\nCan also handle any custom object you may want to throw. If used with the error code argument, it will add the supplied error code to the error object as a property called `code`.\n\n<a name="api_nan_new_buffer_handle"></a>\n### Local&lt;Object&gt; NanNewBufferHandle(char *, uint32_t), Local&lt;Object&gt; NanNewBufferHandle(uint32_t)\n\nThe `Buffer` API has changed a little in Node 0.11, this helper provides consistent access to `Buffer` creation:\n\n```c++\nNanNewBufferHandle((char*)value.data(), value.size());\n```\n\nCan also be used to initialize a `Buffer` with just a `size` argument.\n\nCan also be supplied with a `NAN_WEAK_CALLBACK` and a hint for the garbage collector, when dealing with weak references.\n\n<a name="api_nan_buffer_use"></a>\n### Local&lt;Object&gt; NanBufferUse(char*, uint32_t)\n\n`Buffer::New(char*, uint32_t)` prior to 0.11 would make a copy of the data.\nWhile it was possible to get around this, it required a shim by passing a\ncallback. So the new API `Buffer::Use(char*, uint32_t)` was introduced to remove\nneeding to use this shim.\n\n`NanBufferUse` uses the `char*` passed as the backing data, and will free the\nmemory automatically when the weak callback is called. Keep this in mind, as\ncareless use can lead to "double free or corruption" and other cryptic failures.\n\n<a name="api_nan_has_instance"></a>\n### bool NanHasInstance(Persistent&lt;FunctionTemplate&gt;&, Handle&lt;Value&gt;)\n\nCan be used to check the type of an object to determine it is of a particular class you have already defined and have a `Persistent<FunctionTemplate>` handle for.\n\n<a name="api_nan_persistent_to_local"></a>\n### Local&lt;Type&gt; NanPersistentToLocal(Persistent&lt;Type&gt;&)\n\nAside from `FunctionCallbackInfo`, the biggest and most painful change to V8 in Node 0.11 is the many restrictions now placed on `Persistent` handles. They are difficult to assign and difficult to fetch the original value out of.\n\nUse `NanPersistentToLocal` to convert a `Persistent` handle back to a `Local` handle.\n\n```c++\nLocal<Object> handle = NanPersistentToLocal(persistentHandle);\n```\n\n<a href="#api_nan_new_context_handle">\n### Local&lt;Context&gt; NanNewContextHandle([ExtensionConfiguration*, Handle&lt;ObjectTemplate&gt;, Handle&lt;Value&gt;])\nCreates a new `Local<Context>` handle.\n\n```c++\nLocal<FunctionTemplate> ftmpl = FunctionTemplate::New();\nLocal<ObjectTemplate> otmpl = ftmpl->InstanceTemplate();\nLocal<Context> ctx =  NanNewContextHandle(NULL, otmpl);\n```\n\n<a name="api_nan_dispose"></a>\n### void NanDispose(Persistent&lt;T&gt; &)\n\nUse `NanDispose` to dispose a `Persistent` handle.\n\n```c++\nNanDispose(persistentHandle);\n```\n\n<a name="api_nan_assign_persistent"></a>\n### NanAssignPersistent(type, handle, object)\n\nUse `NanAssignPersistent` to assign a non-`Persistent` handle to a `Persistent` one. You can no longer just declare a `Persistent` handle and assign directly to it later, you have to `Reset` it in Node 0.11, so this makes it easier.\n\nIn general it is now better to place anything you want to protect from V8\'s garbage collector as properties of a generic `Object` and then assign that to a `Persistent`. This works in older versions of Node also if you use `NanAssignPersistent`:\n\n```c++\nPersistent<Object> persistentHandle;\n\n...\n\nLocal<Object> obj = Object::New();\nobj->Set(NanSymbol("key"), keyHandle); // where keyHandle might be a Local<String>\nNanAssignPersistent(Object, persistentHandle, obj)\n```\n\n<a name="api_nan_init_persistent"></a>\n### NanInitPersistent(type, name, object)\n\nUser `NanInitPersistent` to declare and initialize a new `Persistent` with the supplied object. The assignment operator for `Persistent` is no longer public in Node 0.11, so this macro makes it easier to declare and initializing a new `Persistent`. See <a href="#api_nan_assign_persistent"><b><code>NanAssignPersistent</code></b></a> for more information.\n\n```c++\nLocal<Object> obj = Object::New();\nobj->Set(NanSymbol("key"), keyHandle); // where keyHandle might be a Local<String>\nNanInitPersistent(Object, persistentHandle, obj);\n```\n\n<a name="api_nan_callback"></a>\n### NanCallback\n\nBecause of the difficulties imposed by the changes to `Persistent` handles in V8 in Node 0.11, creating `Persistent` versions of your `Local<Function>` handles is annoyingly tricky. `NanCallback` makes it easier by taking your `Local` handle, making it persistent until the `NanCallback` is deleted and even providing a handy `Call()` method to fetch and execute the callback `Function`.\n\n```c++\nLocal<Function> callbackHandle = callback = args[0].As<Function>();\nNanCallback *callback = new NanCallback(callbackHandle);\n// pass `callback` around and it\'s safe from GC until you:\ndelete callback;\n```\n\nYou can execute the callback like so:\n\n```c++\n// no arguments:\ncallback->Call(0, NULL);\n\n// an error argument:\nLocal<Value> argv[] = {\n  Exception::Error(String::New("fail!"))\n};\ncallback->Call(1, argv);\n\n// a success argument:\nLocal<Value> argv[] = {\n  Local<Value>::New(Null()),\n  String::New("w00t!")\n};\ncallback->Call(2, argv);\n```\n\n`NanCallback` also has a `Local<Function> GetCallback()` method that you can use to fetch a local handle to the underlying callback function if you need it.\n\n<a name="api_nan_async_worker"></a>\n### NanAsyncWorker\n\n`NanAsyncWorker` is an abstract class that you can subclass to have much of the annoying async queuing and handling taken care of for you. It can even store arbitrary V8 objects for you and have them persist while the async work is in progress.\n\nSee a rough outline of the implementation:\n\n```c++\nclass NanAsyncWorker {\npublic:\n  NanAsyncWorker (NanCallback *callback);\n\n  // Clean up persistent handles and delete the *callback\n  virtual ~NanAsyncWorker ();\n\n  // Check the `char *errmsg` property and call HandleOKCallback()\n  // or HandleErrorCallback depending on whether it has been set or not\n  virtual void WorkComplete ();\n\n  // You must implement this to do some async work. If there is an\n  // error then allocate `errmsg` to to a message and the callback will\n  // be passed that string in an Error object\n  virtual void Execute ();\n\nprotected:\n  // Set this if there is an error, otherwise it\'s NULL\n  const char *errmsg;\n\n  // Save a V8 object in a Persistent handle to protect it from GC\n  void SavePersistent(const char *key, Local<Object> &obj);\n\n  // Fetch a stored V8 object (don\'t call from within `Execute()`)\n  Local<Object> GetFromPersistent(const char *key);\n\n  // Default implementation calls the callback function with no arguments.\n  // Override this to return meaningful data\n  virtual void HandleOKCallback ();\n\n  // Default implementation calls the callback function with an Error object\n  // wrapping the `errmsg` string\n  virtual void HandleErrorCallback ();\n};\n```\n\n<a name="api_nan_async_queue_worker"></a>\n### NanAsyncQueueWorker(NanAsyncWorker *)\n\n`NanAsyncQueueWorker` will run a `NanAsyncWorker` asynchronously via libuv. Both the *execute* and *after_work* steps are taken care of for you&mdash;most of the logic for this is embedded in `NanAsyncWorker`.\n\n### Contributors\n\nNAN is only possible due to the excellent work of the following contributors:\n\n<table><tbody>\n<tr><th align="left">Rod Vagg</th><td><a href="https://github.com/rvagg">GitHub/rvagg</a></td><td><a href="http://twitter.com/rvagg">Twitter/@rvagg</a></td></tr>\n<tr><th align="left">Benjamin Byholm</th><td><a href="https://github.com/kkoopa/">GitHub/kkoopa</a></td></tr>\n<tr><th align="left">Trevor Norris</th><td><a href="https://github.com/trevnorris">GitHub/trevnorris</a></td><td><a href="http://twitter.com/trevnorris">Twitter/@trevnorris</a></td></tr>\n</tbody></table>\n\nLicence &amp; copyright\n-----------------------\n\nCopyright (c) 2013 NAN contributors (listed above).\n\nNative Abstractions for Node.js is licensed under an MIT +no-false-attribs license. All rights not explicitly granted in the MIT license are reserved. See the included LICENSE file for more details.\n',
371 silly resolved     readmeFilename: 'README.md',
371 silly resolved     bugs: { url: 'https://github.com/rvagg/nan/issues' },
371 silly resolved     homepage: 'https://github.com/rvagg/nan',
371 silly resolved     _id: 'nan@0.4.4',
371 silly resolved     dist: { shasum: 'eec15ec914ade1d171648389e19fd02c3580c4bd' },
371 silly resolved     _from: 'nan@~0.4.4',
371 silly resolved     _resolved: 'https://registry.npmjs.org/nan/-/nan-0.4.4.tgz' } ]
372 info install debug@0.7.4 into C:\Users\Senthilnathank\Documents\My Web Sites\email2tweet\node_modules\time
373 info install bindings@1.1.1 into C:\Users\Senthilnathank\Documents\My Web Sites\email2tweet\node_modules\time
374 info install nan@0.4.4 into C:\Users\Senthilnathank\Documents\My Web Sites\email2tweet\node_modules\time
375 info installOne debug@0.7.4
376 info installOne bindings@1.1.1
377 info installOne nan@0.4.4
378 info C:\Users\Senthilnathank\Documents\My Web Sites\email2tweet\node_modules\time\node_modules\debug unbuild
379 info C:\Users\Senthilnathank\Documents\My Web Sites\email2tweet\node_modules\time\node_modules\bindings unbuild
380 info C:\Users\Senthilnathank\Documents\My Web Sites\email2tweet\node_modules\time\node_modules\nan unbuild
381 verbose tar unpack C:\Users\Senthilnathank\AppData\Roaming\npm-cache\debug\0.7.4\package.tgz
382 silly lockFile b30cd4c1--modules-time-node-modules-debug tar://C:\Users\Senthilnathank\Documents\My Web Sites\email2tweet\node_modules\time\node_modules\debug
383 verbose lock tar://C:\Users\Senthilnathank\Documents\My Web Sites\email2tweet\node_modules\time\node_modules\debug C:\Users\Senthilnathank\AppData\Roaming\npm-cache\b30cd4c1--modules-time-node-modules-debug.lock
384 silly lockFile bbdb95cd-pm-cache-debug-0-7-4-package-tgz tar://C:\Users\Senthilnathank\AppData\Roaming\npm-cache\debug\0.7.4\package.tgz
385 verbose lock tar://C:\Users\Senthilnathank\AppData\Roaming\npm-cache\debug\0.7.4\package.tgz C:\Users\Senthilnathank\AppData\Roaming\npm-cache\bbdb95cd-pm-cache-debug-0-7-4-package-tgz.lock
386 verbose tar unpack C:\Users\Senthilnathank\AppData\Roaming\npm-cache\bindings\1.1.1\package.tgz
387 silly lockFile 700f0ef2-dules-time-node-modules-bindings tar://C:\Users\Senthilnathank\Documents\My Web Sites\email2tweet\node_modules\time\node_modules\bindings
388 verbose lock tar://C:\Users\Senthilnathank\Documents\My Web Sites\email2tweet\node_modules\time\node_modules\bindings C:\Users\Senthilnathank\AppData\Roaming\npm-cache\700f0ef2-dules-time-node-modules-bindings.lock
389 silly lockFile 4f0fb04d-cache-bindings-1-1-1-package-tgz tar://C:\Users\Senthilnathank\AppData\Roaming\npm-cache\bindings\1.1.1\package.tgz
390 verbose lock tar://C:\Users\Senthilnathank\AppData\Roaming\npm-cache\bindings\1.1.1\package.tgz C:\Users\Senthilnathank\AppData\Roaming\npm-cache\4f0fb04d-cache-bindings-1-1-1-package-tgz.lock
391 verbose tar unpack C:\Users\Senthilnathank\AppData\Roaming\npm-cache\nan\0.4.4\package.tgz
392 silly lockFile a7a5686e-de-modules-time-node-modules-nan tar://C:\Users\Senthilnathank\Documents\My Web Sites\email2tweet\node_modules\time\node_modules\nan
393 verbose lock tar://C:\Users\Senthilnathank\Documents\My Web Sites\email2tweet\node_modules\time\node_modules\nan C:\Users\Senthilnathank\AppData\Roaming\npm-cache\a7a5686e-de-modules-time-node-modules-nan.lock
394 silly lockFile 94b45f05--npm-cache-nan-0-4-4-package-tgz tar://C:\Users\Senthilnathank\AppData\Roaming\npm-cache\nan\0.4.4\package.tgz
395 verbose lock tar://C:\Users\Senthilnathank\AppData\Roaming\npm-cache\nan\0.4.4\package.tgz C:\Users\Senthilnathank\AppData\Roaming\npm-cache\94b45f05--npm-cache-nan-0-4-4-package-tgz.lock
396 silly gunzTarPerm modes [ '755', '644' ]
397 silly gunzTarPerm modes [ '755', '644' ]
398 silly gunzTarPerm modes [ '755', '644' ]
399 silly gunzTarPerm extractEntry package.json
400 silly gunzTarPerm modified mode [ 'package.json', 438, 420 ]
401 silly gunzTarPerm extractEntry package.json
402 silly gunzTarPerm modified mode [ 'package.json', 438, 420 ]
403 silly gunzTarPerm extractEntry README.md
404 silly gunzTarPerm modified mode [ 'README.md', 438, 420 ]
405 silly gunzTarPerm extractEntry bindings.js
406 silly gunzTarPerm modified mode [ 'bindings.js', 438, 420 ]
407 silly gunzTarPerm extractEntry README.md
408 silly gunzTarPerm modified mode [ 'README.md', 438, 420 ]
409 silly gunzTarPerm extractEntry LICENSE
410 silly gunzTarPerm modified mode [ 'LICENSE', 438, 420 ]
411 silly gunzTarPerm extractEntry .index.js
412 silly gunzTarPerm modified mode [ '.index.js', 438, 420 ]
413 silly gunzTarPerm extractEntry nan.h
414 silly gunzTarPerm modified mode [ 'nan.h', 438, 420 ]
415 silly gunzTarPerm extractEntry package.json
416 silly gunzTarPerm modified mode [ 'package.json', 438, 420 ]
417 silly gunzTarPerm extractEntry debug.js
418 silly gunzTarPerm modified mode [ 'debug.js', 438, 420 ]
419 silly gunzTarPerm extractEntry index.js
420 silly gunzTarPerm modified mode [ 'index.js', 438, 420 ]
421 silly gunzTarPerm extractEntry lib/debug.js
422 silly gunzTarPerm modified mode [ 'lib/debug.js', 438, 420 ]
423 silly gunzTarPerm extractEntry Readme.md
424 silly gunzTarPerm modified mode [ 'Readme.md', 438, 420 ]
425 silly lockFile 700f0ef2-dules-time-node-modules-bindings tar://C:\Users\Senthilnathank\Documents\My Web Sites\email2tweet\node_modules\time\node_modules\bindings
426 silly lockFile 700f0ef2-dules-time-node-modules-bindings tar://C:\Users\Senthilnathank\Documents\My Web Sites\email2tweet\node_modules\time\node_modules\bindings
427 silly lockFile 4f0fb04d-cache-bindings-1-1-1-package-tgz tar://C:\Users\Senthilnathank\AppData\Roaming\npm-cache\bindings\1.1.1\package.tgz
428 silly lockFile 4f0fb04d-cache-bindings-1-1-1-package-tgz tar://C:\Users\Senthilnathank\AppData\Roaming\npm-cache\bindings\1.1.1\package.tgz
429 info preinstall bindings@1.1.1
430 verbose readDependencies using package.json deps
431 verbose readDependencies using package.json deps
432 silly resolved []
433 verbose about to build C:\Users\Senthilnathank\Documents\My Web Sites\email2tweet\node_modules\time\node_modules\bindings
434 info build C:\Users\Senthilnathank\Documents\My Web Sites\email2tweet\node_modules\time\node_modules\bindings
435 verbose linkStuff [ false,
435 verbose linkStuff   false,
435 verbose linkStuff   false,
435 verbose linkStuff   'C:\\Users\\Senthilnathank\\Documents\\My Web Sites\\email2tweet\\node_modules\\time\\node_modules' ]
436 info linkStuff bindings@1.1.1
437 verbose linkBins bindings@1.1.1
438 verbose linkMans bindings@1.1.1
439 verbose rebuildBundles bindings@1.1.1
440 info install bindings@1.1.1
441 info postinstall bindings@1.1.1
442 silly lockFile b30cd4c1--modules-time-node-modules-debug tar://C:\Users\Senthilnathank\Documents\My Web Sites\email2tweet\node_modules\time\node_modules\debug
443 silly lockFile b30cd4c1--modules-time-node-modules-debug tar://C:\Users\Senthilnathank\Documents\My Web Sites\email2tweet\node_modules\time\node_modules\debug
444 silly lockFile bbdb95cd-pm-cache-debug-0-7-4-package-tgz tar://C:\Users\Senthilnathank\AppData\Roaming\npm-cache\debug\0.7.4\package.tgz
445 silly lockFile bbdb95cd-pm-cache-debug-0-7-4-package-tgz tar://C:\Users\Senthilnathank\AppData\Roaming\npm-cache\debug\0.7.4\package.tgz
446 silly lockFile a7a5686e-de-modules-time-node-modules-nan tar://C:\Users\Senthilnathank\Documents\My Web Sites\email2tweet\node_modules\time\node_modules\nan
447 silly lockFile a7a5686e-de-modules-time-node-modules-nan tar://C:\Users\Senthilnathank\Documents\My Web Sites\email2tweet\node_modules\time\node_modules\nan
448 silly lockFile 94b45f05--npm-cache-nan-0-4-4-package-tgz tar://C:\Users\Senthilnathank\AppData\Roaming\npm-cache\nan\0.4.4\package.tgz
449 silly lockFile 94b45f05--npm-cache-nan-0-4-4-package-tgz tar://C:\Users\Senthilnathank\AppData\Roaming\npm-cache\nan\0.4.4\package.tgz
450 info preinstall debug@0.7.4
451 verbose readDependencies using package.json deps
452 verbose readDependencies using package.json deps
453 silly resolved []
454 verbose about to build C:\Users\Senthilnathank\Documents\My Web Sites\email2tweet\node_modules\time\node_modules\debug
455 info build C:\Users\Senthilnathank\Documents\My Web Sites\email2tweet\node_modules\time\node_modules\debug
456 verbose linkStuff [ false,
456 verbose linkStuff   false,
456 verbose linkStuff   false,
456 verbose linkStuff   'C:\\Users\\Senthilnathank\\Documents\\My Web Sites\\email2tweet\\node_modules\\time\\node_modules' ]
457 info linkStuff debug@0.7.4
458 verbose linkBins debug@0.7.4
459 verbose linkMans debug@0.7.4
460 verbose rebuildBundles debug@0.7.4
461 info install debug@0.7.4
462 info postinstall debug@0.7.4
463 info preinstall nan@0.4.4
464 verbose readDependencies using package.json deps
465 verbose readDependencies using package.json deps
466 silly resolved []
467 verbose about to build C:\Users\Senthilnathank\Documents\My Web Sites\email2tweet\node_modules\time\node_modules\nan
468 info build C:\Users\Senthilnathank\Documents\My Web Sites\email2tweet\node_modules\time\node_modules\nan
469 verbose linkStuff [ false,
469 verbose linkStuff   false,
469 verbose linkStuff   false,
469 verbose linkStuff   'C:\\Users\\Senthilnathank\\Documents\\My Web Sites\\email2tweet\\node_modules\\time\\node_modules' ]
470 info linkStuff nan@0.4.4
471 verbose linkBins nan@0.4.4
472 verbose linkMans nan@0.4.4
473 verbose rebuildBundles nan@0.4.4
474 info install nan@0.4.4
475 info postinstall nan@0.4.4
476 verbose about to build C:\Users\Senthilnathank\Documents\My Web Sites\email2tweet\node_modules\time
477 info build C:\Users\Senthilnathank\Documents\My Web Sites\email2tweet\node_modules\time
478 verbose linkStuff [ false,
478 verbose linkStuff   false,
478 verbose linkStuff   false,
478 verbose linkStuff   'C:\\Users\\Senthilnathank\\Documents\\My Web Sites\\email2tweet\\node_modules' ]
479 info linkStuff time@0.10.0
480 verbose linkBins time@0.10.0
481 verbose linkMans time@0.10.0
482 verbose rebuildBundles time@0.10.0
483 verbose rebuildBundles [ 'bindings', 'debug', 'nan' ]
484 info install time@0.10.0
485 verbose unsafe-perm in lifecycle true
486 info time@0.10.0 Failed to exec install script
487 info C:\Users\Senthilnathank\Documents\My Web Sites\email2tweet\node_modules\time unbuild
488 info preuninstall time@0.10.0
489 info uninstall time@0.10.0
490 verbose true,C:\Users\Senthilnathank\Documents\My Web Sites\email2tweet\node_modules,C:\Users\Senthilnathank\Documents\My Web Sites\email2tweet\node_modules unbuild time@0.10.0
491 info postuninstall time@0.10.0
492 error time@0.10.0 install: `node-gyp rebuild`
492 error Exit status 1
493 error Failed at the time@0.10.0 install script.
493 error This is most likely a problem with the time package,
493 error not with npm itself.
493 error Tell the author that this fails on your system:
493 error     node-gyp rebuild
493 error You can get their info via:
493 error     npm owner ls time
493 error There is likely additional logging output above.
494 error System Windows_NT 6.1.7601
495 error command "E:\\Program Files (x86)\\nodejs\\\\node.exe" "E:\\Program Files (x86)\\nodejs\\node_modules\\npm\\bin\\npm-cli.js" "install" "time"
496 error cwd C:\Users\Senthilnathank\Documents\My Web Sites\email2tweet
497 error node -v v0.10.24
498 error npm -v 1.3.21
499 error code ELIFECYCLE
500 verbose exit [ 1, true ]
